#-----------------------------------------------------------
# Webtalk v2017.2 (64-bit)
# SW Build 1909853 on Thu Jun 15 18:39:10 MDT 2017
# 
# Start of session at: Tue Aug  8 23:43:38 2017
# Process ID: 28864
# Current directory: /home/tiago/code/AES-FPGA/Project_VHDL/Project_VHDL.sdk/webtalk
# Command line: wbtcv -mode batch -source sdk_webtalk.tcl
# Log file: /home/tiago/code/AES-FPGA/Project_VHDL/Project_VHDL.sdk/webtalk/webtalk.log
# Journal file: /home/tiago/code/AES-FPGA/Project_VHDL/Project_VHDL.sdk/webtalk/webtalk.jou
#-----------------------------------------------------------
source sdk_webtalk.tcl
# webtalk_init -webtalk_dir /home/tiago/code/AES-FPGA/Project_VHDL/Project_VHDL.sdk/webtalk
# webtalk_register_client -client project
# webtalk_add_data -client project -key date_generated -value "2017-08-08 23:43:38" -context "software_version_and_target_device"
# webtalk_add_data -client project -key product_version -value "SDK v2017.2" -context "software_version_and_target_device"
# webtalk_add_data -client project -key build_version -value "2017.2" -context "software_version_and_target_device"
# webtalk_add_data -client project -key os_platform -value "amd64" -context "software_version_and_target_device"
# webtalk_add_data -client project -key registration_id -value "" -context "software_version_and_target_device"
# webtalk_add_data -client project -key tool_flow -value "SDK" -context "software_version_and_target_device"
# webtalk_add_data -client project -key beta -value "false" -context "software_version_and_target_device"
# webtalk_add_data -client project -key route_design -value "NA" -context "software_version_and_target_device"
# webtalk_add_data -client project -key target_family -value "NA" -context "software_version_and_target_device"
# webtalk_add_data -client project -key target_device -value "NA" -context "software_version_and_target_device"
# webtalk_add_data -client project -key target_package -value "NA" -context "software_version_and_target_device"
# webtalk_add_data -client project -key target_speed -value "NA" -context "software_version_and_target_device"
# webtalk_add_data -client project -key random_id -value "ji3gtsb83pme161j4cj0vh8m6t" -context "software_version_and_target_device"
# webtalk_add_data -client project -key project_id -value "2017.2_2" -context "software_version_and_target_device"
# webtalk_add_data -client project -key project_iteration -value "2" -context "software_version_and_target_device"
# webtalk_add_data -client project -key os_name -value "unknown" -context "user_environment"
# webtalk_add_data -client project -key os_release -value "unknown" -context "user_environment"
# webtalk_add_data -client project -key cpu_name -value "Intel(R) Core(TM) i5-6300U CPU @ 2.40GHz" -context "user_environment"
# webtalk_add_data -client project -key cpu_speed -value "684.509 MHz" -context "user_environment"
# webtalk_add_data -client project -key total_processors -value "1" -context "user_environment"
# webtalk_add_data -client project -key system_ram -value "8.000 GB" -context "user_environment"
# webtalk_register_client -client sdk
# webtalk_add_data -client sdk -key uid -value "1502238006000" -context "sdk\\\\hardware/1502238006000"
# webtalk_add_data -client sdk -key isZynq -value "false" -context "sdk\\\\hardware/1502238006000"
# webtalk_add_data -client sdk -key isZynqMP -value "false" -context "sdk\\\\hardware/1502238006000"
# webtalk_add_data -client sdk -key Processors -value "1" -context "sdk\\\\hardware/1502238006000"
# webtalk_add_data -client sdk -key VivadoVersion -value "2017.2" -context "sdk\\\\hardware/1502238006000"
# webtalk_add_data -client sdk -key Arch -value "artix7" -context "sdk\\\\hardware/1502238006000"
# webtalk_add_data -client sdk -key Device -value "7a100t" -context "sdk\\\\hardware/1502238006000"
# webtalk_add_data -client sdk -key IsHandoff -value "true" -context "sdk\\\\hardware/1502238006000"
# webtalk_add_data -client sdk -key os -value "NA" -context "sdk\\\\hardware/1502238006000"
# webtalk_add_data -client sdk -key apptemplate -value "NA" -context "sdk\\\\hardware/1502238006000"
# webtalk_add_data -client sdk -key RecordType -value "HWCreation" -context "sdk\\\\hardware/1502238006000"
# webtalk_add_data -client sdk -key uid -value "1502238084000" -context "sdk\\\\bsp/1502238084000"
# webtalk_add_data -client sdk -key hwid -value "1502238006000" -context "sdk\\\\bsp/1502238084000"
# webtalk_add_data -client sdk -key os -value "standalone" -context "sdk\\\\bsp/1502238084000"
# webtalk_add_data -client sdk -key apptemplate -value "hello_world" -context "sdk\\\\bsp/1502238084000"
# webtalk_add_data -client sdk -key RecordType -value "BSPCreation" -context "sdk\\\\bsp/1502238084000"
# webtalk_add_data -client sdk -key uid -value "1502238085000" -context "sdk\\\\application/1502238085000"
# webtalk_add_data -client sdk -key hwid -value "1502238006000" -context "sdk\\\\application/1502238085000"
# webtalk_add_data -client sdk -key bspid -value "1502238084000" -context "sdk\\\\application/1502238085000"
# webtalk_add_data -client sdk -key newbsp -value "true" -context "sdk\\\\application/1502238085000"
# webtalk_add_data -client sdk -key os -value "standalone" -context "sdk\\\\application/1502238085000"
# webtalk_add_data -client sdk -key apptemplate -value "hello_world" -context "sdk\\\\application/1502238085000"
# webtalk_add_data -client sdk -key RecordType -value "APPCreation" -context "sdk\\\\application/1502238085000"
# webtalk_add_data -client sdk -key LangUsed -value "C" -context "sdk\\\\application/1502238085000"
# webtalk_add_data -client sdk -key Procused -value "microblaze" -context "sdk\\\\application/1502238085000"
# webtalk_add_data -client sdk -key projSize -value "112.24609375" -context "sdk\\\\application/1502238085000"
# webtalk_add_data -client sdk -key uid -value "NA" -context "sdk\\\\bsp/1502246618063"
# webtalk_add_data -client sdk -key RecordType -value "ToolUsage" -context "sdk\\\\bsp/1502246618063"
# webtalk_add_data -client sdk -key BootgenCount -value "0" -context "sdk\\\\bsp/1502246618063"
# webtalk_add_data -client sdk -key DebugCount -value "0" -context "sdk\\\\bsp/1502246618063"
# webtalk_add_data -client sdk -key PerfCount -value "0" -context "sdk\\\\bsp/1502246618063"
# webtalk_add_data -client sdk -key FlashCount -value "0" -context "sdk\\\\bsp/1502246618063"
# webtalk_add_data -client sdk -key CrossTriggCount -value "0" -context "sdk\\\\bsp/1502246618063"
# webtalk_add_data -client sdk -key QemuDebugCount -value "0" -context "sdk\\\\bsp/1502246618063"
# webtalk_transmit -clientid 3744526612 -regid "" -xml /home/tiago/code/AES-FPGA/Project_VHDL/Project_VHDL.sdk/webtalk/usage_statistics_ext_sdk.xml -html /home/tiago/code/AES-FPGA/Project_VHDL/Project_VHDL.sdk/webtalk/usage_statistics_ext_sdk.html -wdm /home/tiago/code/AES-FPGA/Project_VHDL/Project_VHDL.sdk/webtalk/sdk_webtalk.wdm -intro "<H3>SDK Usage Report</H3><BR>"
webtalk_transmit: Time (s): cpu = 00:00:00.13 ; elapsed = 00:00:05 . Memory (MB): peak = 219.992 ; gain = 0.000 ; free physical = 4256 ; free virtual = 5255
# webtalk_terminate
INFO: [Common 17-206] Exiting Webtalk at Tue Aug  8 23:43:43 2017...
