MIG: 20:37:17 : xml_input_file: board.prj
MIG: 20:37:17 : Absolute path of xml_input_file: /home/tiago/code/AES-FPGA/Project_VHDL/Project_VHDL.srcs/sources_1/bd/Microblaze/ip/Microblaze_mig_7series_0_0/board.prj
MIG: 20:37:17 : xml_input_file: board.prj
MIG: 20:37:17 : Absolute path of xml_input_file: /home/tiago/code/AES-FPGA/Project_VHDL/Project_VHDL.srcs/sources_1/bd/Microblaze/ip/Microblaze_mig_7series_0_0/board.prj
MIG: 20:37:17 : In updateAllModelParams
MIG: 20:37:17 : ################# RUNNING MIG BATCH ###################
MIG: 20:37:17 : Writing IN file for 'Microblaze_mig_7series_0_0'...compDirPath: /home/tiago/opt/Xilinx_Vivado/Vivado/2017.2/data/ip/xilinx/mig_7series_v4_0... instDirPath: /home/tiago/code/AES-FPGA/Project_VHDL/Project_VHDL.srcs/sources_1/bd/Microblaze/ip/Microblaze_mig_7series_0_0
MIG: 20:37:17 : synp_flow:  -- synthesis_mode: Other
MIG: 20:37:17 : outputDirectory: /home/tiago/code/AES-FPGA/Project_VHDL/Project_VHDL.srcs/sources_1/bd/Microblaze/ip/Microblaze_mig_7series_0_0/_tmp/
MIG: 20:37:17 : vivado_mode: xpg_bd
MIG: 20:37:17 : isPortInterface: 0
MIG: 20:37:17 : isPortInterface: 0
MIG: 20:37:17 : isPortInterface: 0
MIG: 20:37:17 : isPortInterface: 0
MIG: 20:37:17 : isPortInterface: 0
MIG: 20:37:17 : isPortInterface: 0
MIG: 20:37:17 : isPortInterface: 0
MIG: 20:37:17 : isPortInterface: 0
MIG: 20:37:17 : isPortInterface: 0
MIG: 20:37:17 : isPortInterface: 0
MIG: 20:37:17 : isPortInterface: 0
MIG: 20:37:17 : isPortInterface: 0
MIG: 20:37:17 : isPortInterface: 0
MIG: 20:37:17 : isPortInterface: 0
MIG: 20:37:17 : isPortInterface: 0
MIG: 20:37:17 : isPortInterface: 0
MIG: 20:37:17 : isPortInterface: 0
MIG: 20:37:17 : isPortInterface: 0
MIG: 20:37:17 : isPortInterface: 0
MIG: 20:37:17 : isPortInterface: 0
MIG: 20:37:17 : isPortInterface: 0
MIG: 20:37:17 : isPortInterface: 0
MIG: 20:37:17 : isPortInterface: 0
MIG: 20:37:17 : isPortInterface: 0
MIG: 20:37:17 : isPortInterface: 0
MIG: 20:37:17 : isPortInterface: 0
MIG: 20:37:17 : isPortInterface: 0
MIG: 20:37:17 : isPortInterface: 0
MIG: 20:37:17 : isPortInterface: 0
MIG: 20:37:17 : isPortInterface: 0
MIG: 20:37:17 : isPortInterface: 0
MIG: 20:37:17 : isPortInterface: 0
MIG: 20:37:17 : isPortInterface: 0
MIG: 20:37:17 : isPortInterface: 0
MIG: 20:37:17 : isPortInterface: 0
MIG: 20:37:17 : isPortInterface: 0
MIG: 20:37:17 : isPortInterface: 0
MIG: 20:37:17 : isPortInterface: 0
MIG: 20:37:17 : isPortInterface: 0
MIG: 20:37:17 : isPortInterface: 0
MIG: 20:37:17 : isPortInterface: 0
MIG: 20:37:17 : isPortInterface: 0
MIG: 20:37:17 : isPortInterface: 0
MIG: 20:37:17 : isPortInterface: 0
MIG: 20:37:17 : isPortInterface: 0
MIG: 20:37:17 : isPortInterface: 0
MIG: 20:37:17 : isPortInterface: 0
MIG: 20:37:17 : isPortInterface: 0
MIG: 20:37:17 : isPortInterface: 0
MIG: 20:37:17 : isPortInterface: 0
MIG: 20:37:17 : isPortInterface: 0
MIG: 20:37:17 : isPortInterface: 0
MIG: 20:37:17 : isPortInterface: 0
MIG: 20:37:17 : isPortInterface: 0
MIG: 20:37:17 : isPortInterface: 0
MIG: 20:37:17 : isPortInterface: 0
MIG: 20:37:17 : isPortInterface: 0
MIG: 20:37:17 : isPortInterface: 0
MIG: 20:37:17 : isPortInterface: 0
MIG: 20:37:17 : isPortInterface: 0
MIG: 20:37:17 : isPortInterface: 0
MIG: 20:37:17 : isPortInterface: 0
MIG: 20:37:17 : isPortInterface: 0
MIG: 20:37:17 : isPortInterface: 0
MIG: 20:37:17 : isPortInterface: 0
MIG: 20:37:17 : isPortInterface: 0
MIG: 20:37:17 : isPortInterface: 0
MIG: 20:37:17 : isPortInterface: 0
MIG: 20:37:17 : isPortInterface: 0
MIG: 20:37:17 : isPortInterface: 0
MIG: 20:37:17 : isPortInterface: 0
MIG: 20:37:17 : isPortInterface: 0
MIG: 20:37:17 : isPortInterface: 0
MIG: 20:37:17 : isPortInterface: 0
MIG: 20:37:17 : isPortInterface: 0
MIG: 20:37:17 : isPortInterface: 0
MIG: 20:37:17 : isPortInterface: 0
MIG: 20:37:17 : isPortInterface: 0
MIG: 20:37:17 : isPortInterface: 0
MIG: 20:37:17 : isPortInterface: 0
MIG: 20:37:17 : isPortInterface: 0
MIG: 20:37:17 : isPortInterface: 0
MIG: 20:37:17 : isPortInterface: 0
MIG: 20:37:17 : isPortInterface: 0
MIG: 20:37:17 : isPortInterface: 0
MIG: 20:37:17 : isPortInterface: 0
MIG: 20:37:17 : isPortInterface: 0
MIG: 20:37:17 : isPortInterface: 0
MIG: 20:37:17 : isPortInterface: 0
MIG: 20:37:17 : isPortInterface: 0
MIG: 20:37:17 : isPortInterface: 0
MIG: 20:37:17 : isPortInterface: 0
MIG: 20:37:17 : isPortInterface: 0
MIG: 20:37:17 : isPortInterface: 0
MIG: 20:37:17 : isPortInterface: 0
MIG: 20:37:17 : isPortInterface: 0
MIG: 20:37:17 : isPortInterface: 0
MIG: 20:37:17 : isPortInterface: 0
MIG: 20:37:17 : isPortInterface: 0
MIG: 20:37:17 : isPortInterface: 0
MIG: 20:37:17 : isPortInterface: 0
MIG: 20:37:17 : isPortInterface: 0
MIG: 20:37:17 : isPortInterface: 0
MIG: 20:37:17 : isPortInterface: 0
MIG: 20:37:17 : isPortInterface: 0
MIG: 20:37:17 : isPortInterface: 0
MIG: 20:37:17 : isPortInterface: 0
MIG: 20:37:17 : isPortInterface: 0
MIG: 20:37:17 : isPortInterface: 0
MIG: 20:37:17 : isPortInterface: 0
MIG: 20:37:17 : isPortInterface: 0
MIG: 20:37:17 : isPortInterface: 0
MIG: 20:37:17 : isPortInterface: 0
MIG: 20:37:17 : isPortInterface: 0
MIG: 20:37:17 : isPortInterface: 0
MIG: 20:37:17 : isPortInterface: 0
MIG: 20:37:17 : isPortInterface: 0
MIG: 20:37:17 : isPortInterface: 1
MIG: 20:37:17 : isPortInterface: 0
MIG: 20:37:17 : isPortInterface: 0
MIG: 20:37:17 : isPortInterface: 0
MIG: 20:37:17 : isPortInterface: 0
MIG: 20:37:17 : isPortInterface: 0
MIG: 20:37:17 : isPortInterface: 0
MIG: 20:37:17 : isPortInterface: 0
MIG: 20:37:17 : isPortInterface: 0
MIG: 20:37:17 : isPortInterface: 0
MIG: 20:37:17 : isPortInterface: 0
MIG: 20:37:17 :  locked false  
MIG: 20:37:17 : HDL Language: Verilog
MIG: 20:37:17 : compInfo: true
MIG: 20:37:17 : Vivado Options xc7a100t csg324 -1
MIG: 20:37:17 : 1: xc7a100t 2: csg324 3: -1
MIG: 20:37:17 : relative mig path: coregen/ip/xilinx/other/com/xilinx/ip/mig_7series_v4_0/bin/lin64/mig
MIG: 20:37:17 : xilinx_path: /home/tiago/opt/Xilinx_Vivado/Vivado/2017.2/ids_lite/ISE
MIG: 20:37:17 : I am in catch area
MIG: 20:37:17 : Running /home/tiago/opt/Xilinx_Vivado/Vivado/2017.2/ids_lite/ISE/coregen/ip/xilinx/other/com/xilinx/ip/mig_7series_v4_0/bin/lin64/mig -cg_exc_inp /home/tiago/code/AES-FPGA/Project_VHDL/Project_VHDL.srcs/sources_1/bd/Microblaze/ip/Microblaze_mig_7series_0_0/xil_txt.in -cg_exc_out /home/tiago/code/AES-FPGA/Project_VHDL/Project_VHDL.srcs/sources_1/bd/Microblaze/ip/Microblaze_mig_7series_0_0/xil_txt.out ... 
MIG: 20:37:28 : XML_INPUT_FILE: /home/tiago/code/AES-FPGA/Project_VHDL/Project_VHDL.srcs/sources_1/bd/Microblaze/ip/Microblaze_mig_7series_0_0/board.prj
MIG: 20:37:28 : Component_Name: Microblaze_mig_7series_0_0
MIG: 20:37:28 : Moving Microblaze_mig_7series_0_0_xmdf.tcl ...
MIG: 20:37:28 : Moving Microblaze_mig_7series_0_0 ...
MIG: 20:37:28 : Moving Microblaze_mig_7series_0_0.veo ...
MIG: 20:37:28 : XGUI hdlLanguage: Verilog
MIG: 20:37:28 : xgui vivado_mode: xpg_bd
MIG: 20:37:28 : xgui hdlLanguage: Verilog -- hdlExt: v
MIG: 20:37:28 : Reading /home/tiago/code/AES-FPGA/Project_VHDL/Project_VHDL.srcs/sources_1/bd/Microblaze/ip/Microblaze_mig_7series_0_0/Microblaze_mig_7series_0_0/user_design/rtl/Microblaze_mig_7series_0_0_mig.v ...
MIG: 20:37:29 : 1
MIG: 20:37:29 : Inside fn mem: DDR2
MIG: 20:37:29 : detect_uiclk: 81247969
MIG: 20:37:29 : cntrl:  memtype: DDR2
MIG: 20:37:29 : 1200
MIG: 20:37:29 :  MMCM_VCO single ctrl param_name: MMCM_VCO --  possibleMaxVcoVal: 1200 
MIG: 20:37:29 : DDR2
MIG: 20:37:29 : 1
MIG: 20:37:29 : 81247969
MIG: 20:37:29 : 
MIG: 20:37:29 :  polarity_value: 1
MIG: 20:37:29 : 
MIG: 20:37:29 : 
MIG: 20:37:29 : cntrl:  memtype: DDR2
MIG: 20:37:29 : Prasad ----: isMMCMExtraClkParam:: MMCM_CLKOUT0_EN --- "TRUE"
MIG: 20:37:29 : TRUE
MIG: 20:37:29 :  MMCM Enable Param: MMCM_CLKOUT0_EN ==> TRUE
MIG: 20:37:29 : Prasad ----: isMMCMExtraClkParam:: MMCM_CLKOUT1_EN --- "FALSE"
MIG: 20:37:29 : 
MIG: 20:37:29 :  MMCM Enable Param: MMCM_CLKOUT1_EN ==> FALSE
MIG: 20:37:29 : Prasad ----: isMMCMExtraClkParam:: MMCM_CLKOUT2_EN --- "FALSE"
MIG: 20:37:29 : 
MIG: 20:37:29 :  MMCM Enable Param: MMCM_CLKOUT2_EN ==> FALSE
MIG: 20:37:29 : Prasad ----: isMMCMExtraClkParam:: MMCM_CLKOUT3_EN --- "FALSE"
MIG: 20:37:29 : 
MIG: 20:37:29 :  MMCM Enable Param: MMCM_CLKOUT3_EN ==> FALSE
MIG: 20:37:29 : Prasad ----: isMMCMExtraClkParam:: MMCM_CLKOUT4_EN --- "FALSE"
MIG: 20:37:29 : 
MIG: 20:37:29 :  MMCM Enable Param: MMCM_CLKOUT4_EN ==> FALSE
MIG: 20:37:29 : Prasad ----: isMMCMExtraClkParam:: MMCM_CLKOUT0_DIVIDE --- 12.000
MIG: 20:37:29 : possibleMaxVcoVal:: 1200 ---- paramName: MMCM_CLKOUT0_DIVIDE
MIG: 20:37:29 : 100000000
MIG: 20:37:29 :  MMCM Extra Param: MMCM_CLKOUT0_FREQ ==> 100000000
MIG: 20:37:29 : Prasad ----: isMMCMExtraClkParam:: MMCM_CLKOUT1_DIVIDE --- 1
MIG: 20:37:29 : possibleMaxVcoVal:: 1200 ---- paramName: MMCM_CLKOUT1_DIVIDE
MIG: 20:37:29 : 1200000000
MIG: 20:37:29 :  MMCM Extra Param: MMCM_CLKOUT1_FREQ ==> 1200000000
MIG: 20:37:29 : Prasad ----: isMMCMExtraClkParam:: MMCM_CLKOUT2_DIVIDE --- 1
MIG: 20:37:29 : possibleMaxVcoVal:: 1200 ---- paramName: MMCM_CLKOUT2_DIVIDE
MIG: 20:37:29 : 1200000000
MIG: 20:37:29 :  MMCM Extra Param: MMCM_CLKOUT2_FREQ ==> 1200000000
MIG: 20:37:29 : Prasad ----: isMMCMExtraClkParam:: MMCM_CLKOUT3_DIVIDE --- 1
MIG: 20:37:29 : possibleMaxVcoVal:: 1200 ---- paramName: MMCM_CLKOUT3_DIVIDE
MIG: 20:37:29 : 1200000000
MIG: 20:37:29 :  MMCM Extra Param: MMCM_CLKOUT3_FREQ ==> 1200000000
MIG: 20:37:29 : Prasad ----: isMMCMExtraClkParam:: MMCM_CLKOUT4_DIVIDE --- 1
MIG: 20:37:29 : possibleMaxVcoVal:: 1200 ---- paramName: MMCM_CLKOUT4_DIVIDE
MIG: 20:37:29 : 1200000000
MIG: 20:37:29 :  MMCM Extra Param: MMCM_CLKOUT4_FREQ ==> 1200000000
MIG: 20:37:29 :  Invalid Param: DDR2_RST_ACT_LOW ==> 1
MIG: 20:37:29 : 
MIG: 20:37:29 :  Valid Param: DDR2_BANK_WIDTH ==> 3
MIG: 20:37:29 : 
MIG: 20:37:29 :  Valid Param: DDR2_CK_WIDTH ==> 1
MIG: 20:37:29 :  Invalid Param: DDR2_COL_WIDTH ==> 10
MIG: 20:37:29 : 
MIG: 20:37:29 :  Valid Param: DDR2_CS_WIDTH ==> 1
MIG: 20:37:29 : 
MIG: 20:37:29 :  Valid Param: DDR2_nCS_PER_RANK ==> 1
MIG: 20:37:29 : 
MIG: 20:37:29 :  Valid Param: DDR2_CKE_WIDTH ==> 1
MIG: 20:37:29 :  Invalid Param: DDR2_DATA_BUF_ADDR_WIDTH ==> 5
MIG: 20:37:29 :  Invalid Param: DDR2_DQ_CNT_WIDTH ==> 4
MIG: 20:37:29 :  Invalid Param: DDR2_DQ_PER_DM ==> 8
MIG: 20:37:29 : 2
MIG: 20:37:29 :  Valid Param: DDR2_DM_WIDTH ==> 2
MIG: 20:37:29 : 16
MIG: 20:37:29 :  Valid Param: DDR2_DQ_WIDTH ==> 16
MIG: 20:37:29 : 2
MIG: 20:37:29 :  Valid Param: DDR2_DQS_WIDTH ==> 2
MIG: 20:37:29 : 
MIG: 20:37:29 :  Valid Param: DDR2_DQS_CNT_WIDTH ==> 1
MIG: 20:37:29 :  Invalid Param: DDR2_DRAM_WIDTH ==> 8
MIG: 20:37:29 : 
MIG: 20:37:29 :  Valid Param: ECC ==> OFF
MIG: 20:37:29 : 16
MIG: 20:37:29 :  Valid Param: DDR2_DATA_WIDTH ==> 16
MIG: 20:37:29 :  Invalid Param: ECC_TEST ==> "OFF"
MIG: 20:37:29 :  Invalid Param: DDR2_PAYLOAD_WIDTH ==> (ECC_TEST == "OFF") ? DATA_WIDTH : DQ_WIDTH
MIG: 20:37:29 :  Invalid Param: DDR2_MEM_ADDR_ORDER ==> "BANK_ROW_COLUMN"
MIG: 20:37:29 :  Invalid Param: DDR2_nBANK_MACHS ==> 4
MIG: 20:37:29 :  Invalid Param: DDR2_RANKS ==> 1
MIG: 20:37:29 : 
MIG: 20:37:29 :  Valid Param: DDR2_ODT_WIDTH ==> 1
MIG: 20:37:29 : 13
MIG: 20:37:29 :  Valid Param: DDR2_ROW_WIDTH ==> 13
MIG: 20:37:29 : 27
MIG: 20:37:29 :  Valid Param: DDR2_ADDR_WIDTH ==> 27
MIG: 20:37:29 : 
MIG: 20:37:29 :  Valid Param: DDR2_USE_CS_PORT ==> 1
MIG: 20:37:29 : 
MIG: 20:37:29 :  Valid Param: DDR2_USE_DM_PORT ==> 1
MIG: 20:37:29 : 
MIG: 20:37:29 :  Valid Param: DDR2_USE_ODT_PORT ==> 1
MIG: 20:37:29 :  Invalid Param: DDR2_PHY_CONTROL_MASTER_BANK ==> 0
MIG: 20:37:29 :  Invalid Param: DDR2_MEM_DENSITY ==> "1Gb"
MIG: 20:37:29 :  Invalid Param: DDR2_MEM_SPEEDGRADE ==> "25E"
MIG: 20:37:29 :  Invalid Param: DDR2_MEM_DEVICE_WIDTH ==> 16
MIG: 20:37:29 :  Invalid Param: DDR2_AL ==> "0"
MIG: 20:37:29 :  Invalid Param: DDR2_nAL ==> 0
MIG: 20:37:29 :  Invalid Param: DDR2_BURST_MODE ==> "8"
MIG: 20:37:29 :  Invalid Param: DDR2_BURST_TYPE ==> "SEQ"
MIG: 20:37:29 :  Invalid Param: DDR2_CL ==> 5
MIG: 20:37:29 :  Invalid Param: DDR2_OUTPUT_DRV ==> "HIGH"
MIG: 20:37:29 :  Invalid Param: DDR2_RTT_NOM ==> "50"
MIG: 20:37:29 :  Invalid Param: DDR2_ADDR_CMD_MODE ==> "1T"
MIG: 20:37:29 : 
MIG: 20:37:29 :  Valid Param: DDR2_REG_CTRL ==> OFF
MIG: 20:37:29 :  Invalid Param: DDR2_CLKIN_PERIOD ==> 5000
MIG: 20:37:29 :  Invalid Param: DDR2_CLKFBOUT_MULT ==> 13
MIG: 20:37:29 :  Invalid Param: DDR2_DIVCLK_DIVIDE ==> 2
MIG: 20:37:29 :  Invalid Param: DDR2_CLKOUT0_PHASE ==> 0.0
MIG: 20:37:29 :  Invalid Param: DDR2_CLKOUT0_DIVIDE ==> 2
MIG: 20:37:29 :  Invalid Param: DDR2_CLKOUT1_DIVIDE ==> 4
MIG: 20:37:29 :  Invalid Param: DDR2_CLKOUT2_DIVIDE ==> 64
MIG: 20:37:29 :  Invalid Param: DDR2_CLKOUT3_DIVIDE ==> 16
MIG: 20:37:29 :  Invalid Param: DDR2_MMCM_VCO ==> 1200
MIG: 20:37:29 :  Invalid Param: DDR2_MMCM_MULT_F ==> 14
MIG: 20:37:29 :  Invalid Param: DDR2_MMCM_DIVCLK_DIVIDE ==> 1
MIG: 20:37:29 :  Invalid Param: DDR2_MMCM_CLKOUT0_EN ==> "TRUE"
MIG: 20:37:29 :  Invalid Param: DDR2_MMCM_CLKOUT1_EN ==> "FALSE"
MIG: 20:37:29 :  Invalid Param: DDR2_MMCM_CLKOUT2_EN ==> "FALSE"
MIG: 20:37:29 :  Invalid Param: DDR2_MMCM_CLKOUT3_EN ==> "FALSE"
MIG: 20:37:29 :  Invalid Param: DDR2_MMCM_CLKOUT4_EN ==> "FALSE"
MIG: 20:37:29 :  Invalid Param: DDR2_MMCM_CLKOUT0_DIVIDE ==> 12.000
MIG: 20:37:29 :  Invalid Param: DDR2_MMCM_CLKOUT1_DIVIDE ==> 1
MIG: 20:37:29 :  Invalid Param: DDR2_MMCM_CLKOUT2_DIVIDE ==> 1
MIG: 20:37:29 :  Invalid Param: DDR2_MMCM_CLKOUT3_DIVIDE ==> 1
MIG: 20:37:29 :  Invalid Param: DDR2_MMCM_CLKOUT4_DIVIDE ==> 1
MIG: 20:37:29 :  Invalid Param: DDR2_tCKE ==> 7500
MIG: 20:37:29 :  Invalid Param: DDR2_tFAW ==> 45000
MIG: 20:37:29 :  Invalid Param: DDR2_tPRDI ==> 1_000_000
MIG: 20:37:29 :  Invalid Param: DDR2_tRAS ==> 40000
MIG: 20:37:29 :  Invalid Param: DDR2_tRCD ==> 15000
MIG: 20:37:29 :  Invalid Param: DDR2_tREFI ==> 7800000
MIG: 20:37:29 :  Invalid Param: DDR2_tRFC ==> 127500
MIG: 20:37:29 :  Invalid Param: DDR2_tRP ==> 12500
MIG: 20:37:29 :  Invalid Param: DDR2_tRRD ==> 10000
MIG: 20:37:29 :  Invalid Param: DDR2_tRTP ==> 7500
MIG: 20:37:29 :  Invalid Param: DDR2_tWTR ==> 7500
MIG: 20:37:29 :  Invalid Param: DDR2_tZQI ==> 128_000_000
MIG: 20:37:29 :  Invalid Param: DDR2_tZQCS ==> 64
MIG: 20:37:29 :  Invalid Param: DDR2_SIM_BYPASS_INIT_CAL ==> "OFF"
MIG: 20:37:29 :  Invalid Param: DDR2_SIMULATION ==> "FALSE"
MIG: 20:37:29 :  Invalid Param: DDR2_BYTE_LANES_B0 ==> 4'b1111
MIG: 20:37:29 :  Invalid Param: DDR2_BYTE_LANES_B1 ==> 4'b0000
MIG: 20:37:29 :  Invalid Param: DDR2_BYTE_LANES_B2 ==> 4'b0000
MIG: 20:37:29 :  Invalid Param: DDR2_BYTE_LANES_B3 ==> 4'b0000
MIG: 20:37:29 :  Invalid Param: DDR2_BYTE_LANES_B4 ==> 4'b0000
MIG: 20:37:29 :  Invalid Param: DDR2_DATA_CTL_B0 ==> 4'b0101
MIG: 20:37:29 :  Invalid Param: DDR2_DATA_CTL_B1 ==> 4'b0000
MIG: 20:37:29 :  Invalid Param: DDR2_DATA_CTL_B2 ==> 4'b0000
MIG: 20:37:29 :  Invalid Param: DDR2_DATA_CTL_B3 ==> 4'b0000
MIG: 20:37:29 :  Invalid Param: DDR2_DATA_CTL_B4 ==> 4'b0000
MIG: 20:37:29 :  Invalid Param: DDR2_PHY_0_BITLANES ==> 48'hFFC_3F7_FFF_3FE
MIG: 20:37:29 :  Invalid Param: DDR2_PHY_1_BITLANES ==> 48'h000_000_000_000
MIG: 20:37:29 :  Invalid Param: DDR2_PHY_2_BITLANES ==> 48'h000_000_000_000
MIG: 20:37:29 :  Invalid Param: DDR2_CK_BYTE_MAP ==> 144'h00_00_00_00_00_00_00_00_00_00_00_00_00_00_00_00_00_03
MIG: 20:37:29 :  Invalid Param: DDR2_ADDR_MAP ==> 192'h000_000_000_010_033_01A_019_032_03A_034_018_036_012_011_017_015
MIG: 20:37:29 :  Invalid Param: DDR2_BANK_MAP ==> 36'h013_016_01B
MIG: 20:37:29 :  Invalid Param: DDR2_CAS_MAP ==> 12'h039
MIG: 20:37:29 :  Invalid Param: DDR2_CKE_ODT_BYTE_MAP ==> 8'h00
MIG: 20:37:29 :  Invalid Param: DDR2_CKE_MAP ==> 96'h000_000_000_000_000_000_000_038
MIG: 20:37:29 :  Invalid Param: DDR2_ODT_MAP ==> 96'h000_000_000_000_000_000_000_035
MIG: 20:37:29 :  Invalid Param: DDR2_CS_MAP ==> 120'h000_000_000_000_000_000_000_000_000_037
MIG: 20:37:29 :  Invalid Param: DDR2_PARITY_MAP ==> 12'h000
MIG: 20:37:29 :  Invalid Param: DDR2_RAS_MAP ==> 12'h014
MIG: 20:37:29 :  Invalid Param: DDR2_WE_MAP ==> 12'h03B
MIG: 20:37:29 :  Invalid Param: DDR2_DQS_BYTE_MAP ==> 144'h00_00_00_00_00_00_00_00_00_00_00_00_00_00_00_00_02_00
MIG: 20:37:29 :  Invalid Param: DDR2_DATA0_MAP ==> 96'h008_004_009_007_005_001_006_003
MIG: 20:37:29 :  Invalid Param: DDR2_DATA1_MAP ==> 96'h022_028_020_024_027_025_026_021
MIG: 20:37:29 :  Invalid Param: DDR2_DATA2_MAP ==> 96'h000_000_000_000_000_000_000_000
MIG: 20:37:29 :  Invalid Param: DDR2_DATA3_MAP ==> 96'h000_000_000_000_000_000_000_000
MIG: 20:37:29 :  Invalid Param: DDR2_DATA4_MAP ==> 96'h000_000_000_000_000_000_000_000
MIG: 20:37:29 :  Invalid Param: DDR2_DATA5_MAP ==> 96'h000_000_000_000_000_000_000_000
MIG: 20:37:29 :  Invalid Param: DDR2_DATA6_MAP ==> 96'h000_000_000_000_000_000_000_000
MIG: 20:37:29 :  Invalid Param: DDR2_DATA7_MAP ==> 96'h000_000_000_000_000_000_000_000
MIG: 20:37:29 :  Invalid Param: DDR2_DATA8_MAP ==> 96'h000_000_000_000_000_000_000_000
MIG: 20:37:29 :  Invalid Param: DDR2_DATA9_MAP ==> 96'h000_000_000_000_000_000_000_000
MIG: 20:37:29 :  Invalid Param: DDR2_DATA10_MAP ==> 96'h000_000_000_000_000_000_000_000
MIG: 20:37:29 :  Invalid Param: DDR2_DATA11_MAP ==> 96'h000_000_000_000_000_000_000_000
MIG: 20:37:29 :  Invalid Param: DDR2_DATA12_MAP ==> 96'h000_000_000_000_000_000_000_000
MIG: 20:37:29 :  Invalid Param: DDR2_DATA13_MAP ==> 96'h000_000_000_000_000_000_000_000
MIG: 20:37:29 :  Invalid Param: DDR2_DATA14_MAP ==> 96'h000_000_000_000_000_000_000_000
MIG: 20:37:29 :  Invalid Param: DDR2_DATA15_MAP ==> 96'h000_000_000_000_000_000_000_000
MIG: 20:37:29 :  Invalid Param: DDR2_DATA16_MAP ==> 96'h000_000_000_000_000_000_000_000
MIG: 20:37:29 :  Invalid Param: DDR2_DATA17_MAP ==> 96'h000_000_000_000_000_000_000_000
MIG: 20:37:29 :  Invalid Param: DDR2_MASK0_MAP ==> 108'h000_000_000_000_000_000_000_029_002
MIG: 20:37:29 :  Invalid Param: DDR2_MASK1_MAP ==> 108'h000_000_000_000_000_000_000_000_000
MIG: 20:37:29 :  Invalid Param: DDR2_SLOT_0_CONFIG ==> 8'b0000_0001
MIG: 20:37:29 :  Invalid Param: DDR2_SLOT_1_CONFIG ==> 8'b0000_0000
MIG: 20:37:29 :  Invalid Param: DDR2_IBUF_LPWR_MODE ==> "OFF"
MIG: 20:37:29 :  Invalid Param: DDR2_DATA_IO_IDLE_PWRDWN ==> "ON"
MIG: 20:37:29 :  Invalid Param: DDR2_BANK_TYPE ==> "HR_IO"
MIG: 20:37:29 :  Invalid Param: DDR2_DATA_IO_PRIM_TYPE ==> "HR_LP"
MIG: 20:37:29 :  Invalid Param: DDR2_CKE_ODT_AUX ==> "FALSE"
MIG: 20:37:29 :  Invalid Param: DDR2_USER_REFRESH ==> "OFF"
MIG: 20:37:29 :  Invalid Param: DDR2_WRLVL ==> "OFF"
MIG: 20:37:29 :  Invalid Param: DDR2_ORDERING ==> "NORM"
MIG: 20:37:29 :  Invalid Param: DDR2_CALIB_ROW_ADD ==> 16'h0000
MIG: 20:37:29 :  Invalid Param: DDR2_CALIB_COL_ADD ==> 12'h000
MIG: 20:37:29 :  Invalid Param: DDR2_CALIB_BA_ADD ==> 3'h0
MIG: 20:37:29 :  Invalid Param: DDR2_TCQ ==> 100
MIG: 20:37:29 :  Invalid Param: DDR2_IODELAY_GRP0 ==> "MICROBLAZE_MIG_7SERIES_0_0_IODELAY_MIG0"
MIG: 20:37:29 :  Invalid Param: DDR2_SYSCLK_TYPE ==> "NO_BUFFER"
MIG: 20:37:29 :  Invalid Param: DDR2_REFCLK_TYPE ==> "USE_SYSTEM_CLOCK"
MIG: 20:37:29 :  Invalid Param: DDR2_SYS_RST_PORT ==> "FALSE"
MIG: 20:37:29 :  Invalid Param: DDR2_CMD_PIPE_PLUS1 ==> "ON"
MIG: 20:37:29 :  Invalid Param: DDR2_DRAM_TYPE ==> "DDR2"
MIG: 20:37:29 :  Invalid Param: DDR2_CAL_WIDTH ==> "HALF"
MIG: 20:37:29 :  Invalid Param: DDR2_STARVE_LIMIT ==> 2
MIG: 20:37:29 :  Invalid Param: DDR2_REFCLK_FREQ ==> 200.0
MIG: 20:37:29 :  Invalid Param: DDR2_DIFF_TERM_REFCLK ==> "TRUE"
MIG: 20:37:29 :  Invalid Param: DDR2_tCK ==> 3077
MIG: 20:37:29 : 4
MIG: 20:37:29 :  Valid Param: DDR2_nCK_PER_CLK ==> 4
MIG: 20:37:29 :  Invalid Param: DDR2_DIFF_TERM_SYSCLK ==> "TRUE"
MIG: 20:37:29 : TRUE
MIG: 20:37:29 :  Valid Param: UI_EXTRA_CLOCKS ==> TRUE
MIG: 20:37:29 : 1
MIG: 20:37:29 :  Valid Param: C_S_AXI_ID_WIDTH ==> 1
MIG: 20:37:29 : 134217728
MIG: 20:37:29 :  Valid Param: C_S_AXI_MEM_SIZE ==> 134217728
MIG: 20:37:29 : 
MIG: 20:37:29 :  Valid Param: C_S_AXI_ADDR_WIDTH ==> 32
MIG: 20:37:29 : 64
MIG: 20:37:29 :  Valid Param: C_S_AXI_DATA_WIDTH ==> 64
MIG: 20:37:29 :  Invalid Param: DDR2_C_MC_nCK_PER_CLK ==> 4
MIG: 20:37:29 :  Invalid Param: C_S_AXI_SUPPORTS_NARROW_BURST ==> 0
MIG: 20:37:29 :  Invalid Param: DDR2_C_RD_WR_ARB_ALGORITHM ==> "RD_PRI_REG"
MIG: 20:37:29 :  Invalid Param: C_S_AXI_REG_EN0 ==> 20'h00000
MIG: 20:37:29 :  Invalid Param: C_S_AXI_REG_EN1 ==> 20'h00000
MIG: 20:37:29 : 
MIG: 20:37:29 :  Valid Param: C_S_AXI_CTRL_ADDR_WIDTH ==> 32
MIG: 20:37:29 : 
MIG: 20:37:29 :  Valid Param: C_S_AXI_CTRL_DATA_WIDTH ==> 32
MIG: 20:37:29 :  Invalid Param: C_S_AXI_BASEADDR ==> 32'h0000_0000
MIG: 20:37:29 :  Invalid Param: C_ECC_ONOFF_RESET_VALUE ==> 1
MIG: 20:37:29 :  Invalid Param: C_ECC_CE_COUNTER_WIDTH ==> 8
MIG: 20:37:29 : 
MIG: 20:37:29 :  Valid Param: DDR2_DEBUG_PORT ==> OFF
MIG: 20:37:29 : 
MIG: 20:37:29 :  Invalid Param: DDR2_TEMP_MON_CONTROL ==> "INTERNAL"
MIG: 20:37:29 : NOBUF
MIG: 20:37:29 : NONE
MIG: 20:37:29 : 
MIG: 20:37:29 : Same Interface
MIG: 20:37:29 : xml_input_file: board.prj
MIG: 20:37:29 : Absolute path of xml_input_file: /home/tiago/code/AES-FPGA/Project_VHDL/Project_VHDL.srcs/sources_1/bd/Microblaze/ip/Microblaze_mig_7series_0_0/board.prj
MIG: 20:37:29 : In updateAllModelParams
MIG: 20:37:29 : IGN:     <ModuleName>design_1_mig_7series_0_2</ModuleName> <==>     <ModuleName>Microblaze_mig_7series_0_0</ModuleName> 
MIG: 20:37:29 : ERR:     <Version>2.2</Version> <==>     <Version>4.0</Version> 
MIG: 20:37:29 : ################# RUNNING MIG BATCH ###################
MIG: 20:37:29 : Writing IN file for 'Microblaze_mig_7series_0_0'...compDirPath: /home/tiago/opt/Xilinx_Vivado/Vivado/2017.2/data/ip/xilinx/mig_7series_v4_0... instDirPath: /home/tiago/code/AES-FPGA/Project_VHDL/Project_VHDL.srcs/sources_1/bd/Microblaze/ip/Microblaze_mig_7series_0_0
MIG: 20:37:29 : synp_flow:  -- synthesis_mode: Other
MIG: 20:37:29 : outputDirectory: /home/tiago/code/AES-FPGA/Project_VHDL/Project_VHDL.srcs/sources_1/bd/Microblaze/ip/Microblaze_mig_7series_0_0/_tmp/
MIG: 20:37:29 : vivado_mode: xpg_bd
MIG: 20:37:29 : isPortInterface: 0
MIG: 20:37:29 : isPortInterface: 0
MIG: 20:37:29 : isPortInterface: 0
MIG: 20:37:29 : isPortInterface: 0
MIG: 20:37:29 : isPortInterface: 0
MIG: 20:37:29 : isPortInterface: 0
MIG: 20:37:29 : isPortInterface: 0
MIG: 20:37:29 : isPortInterface: 0
MIG: 20:37:29 : isPortInterface: 0
MIG: 20:37:29 : isPortInterface: 0
MIG: 20:37:29 : isPortInterface: 0
MIG: 20:37:29 : isPortInterface: 0
MIG: 20:37:29 : isPortInterface: 0
MIG: 20:37:29 : isPortInterface: 0
MIG: 20:37:29 : isPortInterface: 0
MIG: 20:37:29 : isPortInterface: 0
MIG: 20:37:29 : isPortInterface: 0
MIG: 20:37:29 : isPortInterface: 0
MIG: 20:37:29 : isPortInterface: 0
MIG: 20:37:29 : isPortInterface: 0
MIG: 20:37:29 : isPortInterface: 0
MIG: 20:37:29 : isPortInterface: 0
MIG: 20:37:29 : isPortInterface: 0
MIG: 20:37:29 : isPortInterface: 0
MIG: 20:37:29 : isPortInterface: 0
MIG: 20:37:29 : isPortInterface: 0
MIG: 20:37:29 : isPortInterface: 0
MIG: 20:37:29 : isPortInterface: 0
MIG: 20:37:29 : isPortInterface: 0
MIG: 20:37:29 : isPortInterface: 0
MIG: 20:37:29 : isPortInterface: 0
MIG: 20:37:29 : isPortInterface: 0
MIG: 20:37:29 : isPortInterface: 0
MIG: 20:37:29 : isPortInterface: 0
MIG: 20:37:29 : isPortInterface: 0
MIG: 20:37:29 : isPortInterface: 0
MIG: 20:37:29 : isPortInterface: 0
MIG: 20:37:29 : isPortInterface: 0
MIG: 20:37:29 : isPortInterface: 0
MIG: 20:37:29 : isPortInterface: 0
MIG: 20:37:29 : isPortInterface: 0
MIG: 20:37:29 : isPortInterface: 0
MIG: 20:37:29 : isPortInterface: 0
MIG: 20:37:29 : isPortInterface: 0
MIG: 20:37:29 : isPortInterface: 0
MIG: 20:37:29 : isPortInterface: 0
MIG: 20:37:29 : isPortInterface: 0
MIG: 20:37:29 : isPortInterface: 0
MIG: 20:37:29 : isPortInterface: 0
MIG: 20:37:29 : isPortInterface: 0
MIG: 20:37:29 : isPortInterface: 0
MIG: 20:37:29 : isPortInterface: 0
MIG: 20:37:29 : isPortInterface: 0
MIG: 20:37:29 : isPortInterface: 0
MIG: 20:37:29 : isPortInterface: 0
MIG: 20:37:29 : isPortInterface: 0
MIG: 20:37:29 : isPortInterface: 0
MIG: 20:37:29 : isPortInterface: 0
MIG: 20:37:29 : isPortInterface: 0
MIG: 20:37:29 : isPortInterface: 0
MIG: 20:37:29 : isPortInterface: 0
MIG: 20:37:29 : isPortInterface: 0
MIG: 20:37:29 : isPortInterface: 0
MIG: 20:37:29 : isPortInterface: 0
MIG: 20:37:29 : isPortInterface: 0
MIG: 20:37:29 : isPortInterface: 0
MIG: 20:37:29 : isPortInterface: 0
MIG: 20:37:29 : isPortInterface: 0
MIG: 20:37:29 : isPortInterface: 0
MIG: 20:37:29 : isPortInterface: 0
MIG: 20:37:29 : isPortInterface: 0
MIG: 20:37:29 : isPortInterface: 0
MIG: 20:37:29 : isPortInterface: 0
MIG: 20:37:29 : isPortInterface: 0
MIG: 20:37:29 : isPortInterface: 0
MIG: 20:37:29 : isPortInterface: 0
MIG: 20:37:29 : isPortInterface: 0
MIG: 20:37:29 : isPortInterface: 0
MIG: 20:37:29 : isPortInterface: 0
MIG: 20:37:29 : isPortInterface: 0
MIG: 20:37:29 : isPortInterface: 0
MIG: 20:37:29 : isPortInterface: 0
MIG: 20:37:29 : isPortInterface: 0
MIG: 20:37:29 : isPortInterface: 0
MIG: 20:37:29 : isPortInterface: 0
MIG: 20:37:29 : isPortInterface: 0
MIG: 20:37:29 : isPortInterface: 0
MIG: 20:37:29 : isPortInterface: 0
MIG: 20:37:29 : isPortInterface: 0
MIG: 20:37:29 : isPortInterface: 0
MIG: 20:37:29 : isPortInterface: 0
MIG: 20:37:29 : isPortInterface: 0
MIG: 20:37:29 : isPortInterface: 0
MIG: 20:37:29 : isPortInterface: 0
MIG: 20:37:29 : isPortInterface: 0
MIG: 20:37:29 : isPortInterface: 0
MIG: 20:37:29 : isPortInterface: 0
MIG: 20:37:29 : isPortInterface: 0
MIG: 20:37:29 : isPortInterface: 0
MIG: 20:37:29 : isPortInterface: 0
MIG: 20:37:29 : isPortInterface: 0
MIG: 20:37:29 : isPortInterface: 0
MIG: 20:37:29 : isPortInterface: 0
MIG: 20:37:29 : isPortInterface: 0
MIG: 20:37:29 : isPortInterface: 0
MIG: 20:37:29 : isPortInterface: 0
MIG: 20:37:29 : isPortInterface: 0
MIG: 20:37:29 : isPortInterface: 0
MIG: 20:37:29 : isPortInterface: 0
MIG: 20:37:29 : isPortInterface: 0
MIG: 20:37:29 : isPortInterface: 0
MIG: 20:37:29 : isPortInterface: 0
MIG: 20:37:29 : isPortInterface: 0
MIG: 20:37:29 : isPortInterface: 0
MIG: 20:37:29 : isPortInterface: 0
MIG: 20:37:29 : isPortInterface: 0
MIG: 20:37:29 : isPortInterface: 0
MIG: 20:37:29 : isPortInterface: 1
MIG: 20:37:29 : isPortInterface: 0
MIG: 20:37:29 : isPortInterface: 0
MIG: 20:37:29 : isPortInterface: 0
MIG: 20:37:29 : isPortInterface: 0
MIG: 20:37:29 : isPortInterface: 0
MIG: 20:37:29 : isPortInterface: 0
MIG: 20:37:29 : isPortInterface: 0
MIG: 20:37:29 : isPortInterface: 0
MIG: 20:37:29 : isPortInterface: 0
MIG: 20:37:29 : isPortInterface: 0
MIG: 20:37:29 :  locked false  
MIG: 20:37:29 : HDL Language: Verilog
MIG: 20:37:29 : compInfo: true
MIG: 20:37:29 : Vivado Options xc7a100t csg324 -1
MIG: 20:37:29 : 1: xc7a100t 2: csg324 3: -1
MIG: 20:37:29 : relative mig path: coregen/ip/xilinx/other/com/xilinx/ip/mig_7series_v4_0/bin/lin64/mig
MIG: 20:37:29 : xilinx_path: /home/tiago/opt/Xilinx_Vivado/Vivado/2017.2/ids_lite/ISE
MIG: 20:37:29 : I am in catch area
MIG: 20:37:29 : Running /home/tiago/opt/Xilinx_Vivado/Vivado/2017.2/ids_lite/ISE/coregen/ip/xilinx/other/com/xilinx/ip/mig_7series_v4_0/bin/lin64/mig -cg_exc_inp /home/tiago/code/AES-FPGA/Project_VHDL/Project_VHDL.srcs/sources_1/bd/Microblaze/ip/Microblaze_mig_7series_0_0/xil_txt.in -cg_exc_out /home/tiago/code/AES-FPGA/Project_VHDL/Project_VHDL.srcs/sources_1/bd/Microblaze/ip/Microblaze_mig_7series_0_0/xil_txt.out ... 
MIG: 20:37:38 : XML_INPUT_FILE: /home/tiago/code/AES-FPGA/Project_VHDL/Project_VHDL.srcs/sources_1/bd/Microblaze/ip/Microblaze_mig_7series_0_0/board.prj
MIG: 20:37:38 : Component_Name: Microblaze_mig_7series_0_0
MIG: 20:37:38 : Moving Microblaze_mig_7series_0_0_xmdf.tcl ...
MIG: 20:37:38 : Moving Microblaze_mig_7series_0_0 ...
MIG: 20:37:38 : Moving Microblaze_mig_7series_0_0.veo ...
MIG: 20:37:38 : XGUI hdlLanguage: Verilog
MIG: 20:37:38 : xgui vivado_mode: xpg_bd
MIG: 20:37:38 : xgui hdlLanguage: Verilog -- hdlExt: v
MIG: 20:37:38 : Reading /home/tiago/code/AES-FPGA/Project_VHDL/Project_VHDL.srcs/sources_1/bd/Microblaze/ip/Microblaze_mig_7series_0_0/Microblaze_mig_7series_0_0/user_design/rtl/Microblaze_mig_7series_0_0_mig.v ...
MIG: 20:37:39 : 
MIG: 20:37:39 : Inside fn mem: DDR2
MIG: 20:37:39 : detect_uiclk: 81247969
MIG: 20:37:39 : cntrl:  memtype: DDR2
MIG: 20:37:39 : 
MIG: 20:37:39 :  MMCM_VCO single ctrl param_name: MMCM_VCO --  possibleMaxVcoVal: 1200 
MIG: 20:37:39 : 
MIG: 20:37:39 : 
MIG: 20:37:39 : 
MIG: 20:37:39 : 
MIG: 20:37:39 :  polarity_value: 1
MIG: 20:37:39 : 
MIG: 20:37:39 : 
MIG: 20:37:39 : cntrl:  memtype: DDR2
MIG: 20:37:39 : Prasad ----: isMMCMExtraClkParam:: MMCM_CLKOUT0_EN --- "TRUE"
MIG: 20:37:39 : 
MIG: 20:37:39 :  MMCM Enable Param: MMCM_CLKOUT0_EN ==> TRUE
MIG: 20:37:39 : Prasad ----: isMMCMExtraClkParam:: MMCM_CLKOUT1_EN --- "FALSE"
MIG: 20:37:39 : 
MIG: 20:37:39 :  MMCM Enable Param: MMCM_CLKOUT1_EN ==> FALSE
MIG: 20:37:39 : Prasad ----: isMMCMExtraClkParam:: MMCM_CLKOUT2_EN --- "FALSE"
MIG: 20:37:39 : 
MIG: 20:37:39 :  MMCM Enable Param: MMCM_CLKOUT2_EN ==> FALSE
MIG: 20:37:39 : Prasad ----: isMMCMExtraClkParam:: MMCM_CLKOUT3_EN --- "FALSE"
MIG: 20:37:39 : 
MIG: 20:37:39 :  MMCM Enable Param: MMCM_CLKOUT3_EN ==> FALSE
MIG: 20:37:39 : Prasad ----: isMMCMExtraClkParam:: MMCM_CLKOUT4_EN --- "FALSE"
MIG: 20:37:39 : 
MIG: 20:37:39 :  MMCM Enable Param: MMCM_CLKOUT4_EN ==> FALSE
MIG: 20:37:39 : Prasad ----: isMMCMExtraClkParam:: MMCM_CLKOUT0_DIVIDE --- 12.000
MIG: 20:37:39 : possibleMaxVcoVal:: 1200 ---- paramName: MMCM_CLKOUT0_DIVIDE
MIG: 20:37:39 : 
MIG: 20:37:39 :  MMCM Extra Param: MMCM_CLKOUT0_FREQ ==> 100000000
MIG: 20:37:39 : Prasad ----: isMMCMExtraClkParam:: MMCM_CLKOUT1_DIVIDE --- 1
MIG: 20:37:39 : possibleMaxVcoVal:: 1200 ---- paramName: MMCM_CLKOUT1_DIVIDE
MIG: 20:37:39 : 
MIG: 20:37:39 :  MMCM Extra Param: MMCM_CLKOUT1_FREQ ==> 1200000000
MIG: 20:37:39 : Prasad ----: isMMCMExtraClkParam:: MMCM_CLKOUT2_DIVIDE --- 1
MIG: 20:37:39 : possibleMaxVcoVal:: 1200 ---- paramName: MMCM_CLKOUT2_DIVIDE
MIG: 20:37:39 : 
MIG: 20:37:39 :  MMCM Extra Param: MMCM_CLKOUT2_FREQ ==> 1200000000
MIG: 20:37:39 : Prasad ----: isMMCMExtraClkParam:: MMCM_CLKOUT3_DIVIDE --- 1
MIG: 20:37:39 : possibleMaxVcoVal:: 1200 ---- paramName: MMCM_CLKOUT3_DIVIDE
MIG: 20:37:39 : 
MIG: 20:37:39 :  MMCM Extra Param: MMCM_CLKOUT3_FREQ ==> 1200000000
MIG: 20:37:39 : Prasad ----: isMMCMExtraClkParam:: MMCM_CLKOUT4_DIVIDE --- 1
MIG: 20:37:39 : possibleMaxVcoVal:: 1200 ---- paramName: MMCM_CLKOUT4_DIVIDE
MIG: 20:37:39 : 
MIG: 20:37:39 :  MMCM Extra Param: MMCM_CLKOUT4_FREQ ==> 1200000000
MIG: 20:37:39 :  Invalid Param: DDR2_RST_ACT_LOW ==> 1
MIG: 20:37:39 : 
MIG: 20:37:39 :  Valid Param: DDR2_BANK_WIDTH ==> 3
MIG: 20:37:39 : 
MIG: 20:37:39 :  Valid Param: DDR2_CK_WIDTH ==> 1
MIG: 20:37:39 :  Invalid Param: DDR2_COL_WIDTH ==> 10
MIG: 20:37:39 : 
MIG: 20:37:39 :  Valid Param: DDR2_CS_WIDTH ==> 1
MIG: 20:37:39 : 
MIG: 20:37:39 :  Valid Param: DDR2_nCS_PER_RANK ==> 1
MIG: 20:37:39 : 
MIG: 20:37:39 :  Valid Param: DDR2_CKE_WIDTH ==> 1
MIG: 20:37:39 :  Invalid Param: DDR2_DATA_BUF_ADDR_WIDTH ==> 5
MIG: 20:37:39 :  Invalid Param: DDR2_DQ_CNT_WIDTH ==> 4
MIG: 20:37:39 :  Invalid Param: DDR2_DQ_PER_DM ==> 8
MIG: 20:37:39 : 
MIG: 20:37:39 :  Valid Param: DDR2_DM_WIDTH ==> 2
MIG: 20:37:39 : 
MIG: 20:37:39 :  Valid Param: DDR2_DQ_WIDTH ==> 16
MIG: 20:37:39 : 
MIG: 20:37:39 :  Valid Param: DDR2_DQS_WIDTH ==> 2
MIG: 20:37:39 : 
MIG: 20:37:39 :  Valid Param: DDR2_DQS_CNT_WIDTH ==> 1
MIG: 20:37:39 :  Invalid Param: DDR2_DRAM_WIDTH ==> 8
MIG: 20:37:39 : 
MIG: 20:37:39 :  Valid Param: ECC ==> OFF
MIG: 20:37:39 : 
MIG: 20:37:39 :  Valid Param: DDR2_DATA_WIDTH ==> 16
MIG: 20:37:39 :  Invalid Param: ECC_TEST ==> "OFF"
MIG: 20:37:39 :  Invalid Param: DDR2_PAYLOAD_WIDTH ==> (ECC_TEST == "OFF") ? DATA_WIDTH : DQ_WIDTH
MIG: 20:37:39 :  Invalid Param: DDR2_MEM_ADDR_ORDER ==> "BANK_ROW_COLUMN"
MIG: 20:37:39 :  Invalid Param: DDR2_nBANK_MACHS ==> 4
MIG: 20:37:39 :  Invalid Param: DDR2_RANKS ==> 1
MIG: 20:37:39 : 
MIG: 20:37:39 :  Valid Param: DDR2_ODT_WIDTH ==> 1
MIG: 20:37:39 : 
MIG: 20:37:39 :  Valid Param: DDR2_ROW_WIDTH ==> 13
MIG: 20:37:39 : 
MIG: 20:37:39 :  Valid Param: DDR2_ADDR_WIDTH ==> 27
MIG: 20:37:39 : 
MIG: 20:37:39 :  Valid Param: DDR2_USE_CS_PORT ==> 1
MIG: 20:37:39 : 
MIG: 20:37:39 :  Valid Param: DDR2_USE_DM_PORT ==> 1
MIG: 20:37:39 : 
MIG: 20:37:39 :  Valid Param: DDR2_USE_ODT_PORT ==> 1
MIG: 20:37:39 :  Invalid Param: DDR2_PHY_CONTROL_MASTER_BANK ==> 0
MIG: 20:37:39 :  Invalid Param: DDR2_MEM_DENSITY ==> "1Gb"
MIG: 20:37:39 :  Invalid Param: DDR2_MEM_SPEEDGRADE ==> "25E"
MIG: 20:37:39 :  Invalid Param: DDR2_MEM_DEVICE_WIDTH ==> 16
MIG: 20:37:39 :  Invalid Param: DDR2_AL ==> "0"
MIG: 20:37:39 :  Invalid Param: DDR2_nAL ==> 0
MIG: 20:37:39 :  Invalid Param: DDR2_BURST_MODE ==> "8"
MIG: 20:37:39 :  Invalid Param: DDR2_BURST_TYPE ==> "SEQ"
MIG: 20:37:39 :  Invalid Param: DDR2_CL ==> 5
MIG: 20:37:39 :  Invalid Param: DDR2_OUTPUT_DRV ==> "HIGH"
MIG: 20:37:39 :  Invalid Param: DDR2_RTT_NOM ==> "50"
MIG: 20:37:39 :  Invalid Param: DDR2_ADDR_CMD_MODE ==> "1T"
MIG: 20:37:39 : 
MIG: 20:37:39 :  Valid Param: DDR2_REG_CTRL ==> OFF
MIG: 20:37:39 :  Invalid Param: DDR2_CLKIN_PERIOD ==> 5000
MIG: 20:37:39 :  Invalid Param: DDR2_CLKFBOUT_MULT ==> 13
MIG: 20:37:39 :  Invalid Param: DDR2_DIVCLK_DIVIDE ==> 2
MIG: 20:37:39 :  Invalid Param: DDR2_CLKOUT0_PHASE ==> 0.0
MIG: 20:37:39 :  Invalid Param: DDR2_CLKOUT0_DIVIDE ==> 2
MIG: 20:37:39 :  Invalid Param: DDR2_CLKOUT1_DIVIDE ==> 4
MIG: 20:37:39 :  Invalid Param: DDR2_CLKOUT2_DIVIDE ==> 64
MIG: 20:37:39 :  Invalid Param: DDR2_CLKOUT3_DIVIDE ==> 16
MIG: 20:37:39 :  Invalid Param: DDR2_MMCM_VCO ==> 1200
MIG: 20:37:39 :  Invalid Param: DDR2_MMCM_MULT_F ==> 14
MIG: 20:37:39 :  Invalid Param: DDR2_MMCM_DIVCLK_DIVIDE ==> 1
MIG: 20:37:39 :  Invalid Param: DDR2_MMCM_CLKOUT0_EN ==> "TRUE"
MIG: 20:37:39 :  Invalid Param: DDR2_MMCM_CLKOUT1_EN ==> "FALSE"
MIG: 20:37:39 :  Invalid Param: DDR2_MMCM_CLKOUT2_EN ==> "FALSE"
MIG: 20:37:39 :  Invalid Param: DDR2_MMCM_CLKOUT3_EN ==> "FALSE"
MIG: 20:37:39 :  Invalid Param: DDR2_MMCM_CLKOUT4_EN ==> "FALSE"
MIG: 20:37:39 :  Invalid Param: DDR2_MMCM_CLKOUT0_DIVIDE ==> 12.000
MIG: 20:37:39 :  Invalid Param: DDR2_MMCM_CLKOUT1_DIVIDE ==> 1
MIG: 20:37:39 :  Invalid Param: DDR2_MMCM_CLKOUT2_DIVIDE ==> 1
MIG: 20:37:39 :  Invalid Param: DDR2_MMCM_CLKOUT3_DIVIDE ==> 1
MIG: 20:37:39 :  Invalid Param: DDR2_MMCM_CLKOUT4_DIVIDE ==> 1
MIG: 20:37:39 :  Invalid Param: DDR2_tCKE ==> 7500
MIG: 20:37:39 :  Invalid Param: DDR2_tFAW ==> 45000
MIG: 20:37:39 :  Invalid Param: DDR2_tPRDI ==> 1_000_000
MIG: 20:37:39 :  Invalid Param: DDR2_tRAS ==> 40000
MIG: 20:37:39 :  Invalid Param: DDR2_tRCD ==> 15000
MIG: 20:37:39 :  Invalid Param: DDR2_tREFI ==> 7800000
MIG: 20:37:39 :  Invalid Param: DDR2_tRFC ==> 127500
MIG: 20:37:39 :  Invalid Param: DDR2_tRP ==> 12500
MIG: 20:37:39 :  Invalid Param: DDR2_tRRD ==> 10000
MIG: 20:37:39 :  Invalid Param: DDR2_tRTP ==> 7500
MIG: 20:37:39 :  Invalid Param: DDR2_tWTR ==> 7500
MIG: 20:37:39 :  Invalid Param: DDR2_tZQI ==> 128_000_000
MIG: 20:37:39 :  Invalid Param: DDR2_tZQCS ==> 64
MIG: 20:37:39 :  Invalid Param: DDR2_SIM_BYPASS_INIT_CAL ==> "OFF"
MIG: 20:37:39 :  Invalid Param: DDR2_SIMULATION ==> "FALSE"
MIG: 20:37:39 :  Invalid Param: DDR2_BYTE_LANES_B0 ==> 4'b1111
MIG: 20:37:39 :  Invalid Param: DDR2_BYTE_LANES_B1 ==> 4'b0000
MIG: 20:37:39 :  Invalid Param: DDR2_BYTE_LANES_B2 ==> 4'b0000
MIG: 20:37:39 :  Invalid Param: DDR2_BYTE_LANES_B3 ==> 4'b0000
MIG: 20:37:39 :  Invalid Param: DDR2_BYTE_LANES_B4 ==> 4'b0000
MIG: 20:37:39 :  Invalid Param: DDR2_DATA_CTL_B0 ==> 4'b0101
MIG: 20:37:39 :  Invalid Param: DDR2_DATA_CTL_B1 ==> 4'b0000
MIG: 20:37:39 :  Invalid Param: DDR2_DATA_CTL_B2 ==> 4'b0000
MIG: 20:37:39 :  Invalid Param: DDR2_DATA_CTL_B3 ==> 4'b0000
MIG: 20:37:39 :  Invalid Param: DDR2_DATA_CTL_B4 ==> 4'b0000
MIG: 20:37:39 :  Invalid Param: DDR2_PHY_0_BITLANES ==> 48'hFFC_3F7_FFF_3FE
MIG: 20:37:39 :  Invalid Param: DDR2_PHY_1_BITLANES ==> 48'h000_000_000_000
MIG: 20:37:39 :  Invalid Param: DDR2_PHY_2_BITLANES ==> 48'h000_000_000_000
MIG: 20:37:39 :  Invalid Param: DDR2_CK_BYTE_MAP ==> 144'h00_00_00_00_00_00_00_00_00_00_00_00_00_00_00_00_00_03
MIG: 20:37:39 :  Invalid Param: DDR2_ADDR_MAP ==> 192'h000_000_000_010_033_01A_019_032_03A_034_018_036_012_011_017_015
MIG: 20:37:39 :  Invalid Param: DDR2_BANK_MAP ==> 36'h013_016_01B
MIG: 20:37:39 :  Invalid Param: DDR2_CAS_MAP ==> 12'h039
MIG: 20:37:39 :  Invalid Param: DDR2_CKE_ODT_BYTE_MAP ==> 8'h00
MIG: 20:37:39 :  Invalid Param: DDR2_CKE_MAP ==> 96'h000_000_000_000_000_000_000_038
MIG: 20:37:39 :  Invalid Param: DDR2_ODT_MAP ==> 96'h000_000_000_000_000_000_000_035
MIG: 20:37:39 :  Invalid Param: DDR2_CS_MAP ==> 120'h000_000_000_000_000_000_000_000_000_037
MIG: 20:37:39 :  Invalid Param: DDR2_PARITY_MAP ==> 12'h000
MIG: 20:37:39 :  Invalid Param: DDR2_RAS_MAP ==> 12'h014
MIG: 20:37:39 :  Invalid Param: DDR2_WE_MAP ==> 12'h03B
MIG: 20:37:39 :  Invalid Param: DDR2_DQS_BYTE_MAP ==> 144'h00_00_00_00_00_00_00_00_00_00_00_00_00_00_00_00_02_00
MIG: 20:37:39 :  Invalid Param: DDR2_DATA0_MAP ==> 96'h008_004_009_007_005_001_006_003
MIG: 20:37:39 :  Invalid Param: DDR2_DATA1_MAP ==> 96'h022_028_020_024_027_025_026_021
MIG: 20:37:39 :  Invalid Param: DDR2_DATA2_MAP ==> 96'h000_000_000_000_000_000_000_000
MIG: 20:37:39 :  Invalid Param: DDR2_DATA3_MAP ==> 96'h000_000_000_000_000_000_000_000
MIG: 20:37:39 :  Invalid Param: DDR2_DATA4_MAP ==> 96'h000_000_000_000_000_000_000_000
MIG: 20:37:39 :  Invalid Param: DDR2_DATA5_MAP ==> 96'h000_000_000_000_000_000_000_000
MIG: 20:37:39 :  Invalid Param: DDR2_DATA6_MAP ==> 96'h000_000_000_000_000_000_000_000
MIG: 20:37:39 :  Invalid Param: DDR2_DATA7_MAP ==> 96'h000_000_000_000_000_000_000_000
MIG: 20:37:39 :  Invalid Param: DDR2_DATA8_MAP ==> 96'h000_000_000_000_000_000_000_000
MIG: 20:37:39 :  Invalid Param: DDR2_DATA9_MAP ==> 96'h000_000_000_000_000_000_000_000
MIG: 20:37:39 :  Invalid Param: DDR2_DATA10_MAP ==> 96'h000_000_000_000_000_000_000_000
MIG: 20:37:39 :  Invalid Param: DDR2_DATA11_MAP ==> 96'h000_000_000_000_000_000_000_000
MIG: 20:37:39 :  Invalid Param: DDR2_DATA12_MAP ==> 96'h000_000_000_000_000_000_000_000
MIG: 20:37:39 :  Invalid Param: DDR2_DATA13_MAP ==> 96'h000_000_000_000_000_000_000_000
MIG: 20:37:39 :  Invalid Param: DDR2_DATA14_MAP ==> 96'h000_000_000_000_000_000_000_000
MIG: 20:37:39 :  Invalid Param: DDR2_DATA15_MAP ==> 96'h000_000_000_000_000_000_000_000
MIG: 20:37:39 :  Invalid Param: DDR2_DATA16_MAP ==> 96'h000_000_000_000_000_000_000_000
MIG: 20:37:39 :  Invalid Param: DDR2_DATA17_MAP ==> 96'h000_000_000_000_000_000_000_000
MIG: 20:37:39 :  Invalid Param: DDR2_MASK0_MAP ==> 108'h000_000_000_000_000_000_000_029_002
MIG: 20:37:39 :  Invalid Param: DDR2_MASK1_MAP ==> 108'h000_000_000_000_000_000_000_000_000
MIG: 20:37:39 :  Invalid Param: DDR2_SLOT_0_CONFIG ==> 8'b0000_0001
MIG: 20:37:39 :  Invalid Param: DDR2_SLOT_1_CONFIG ==> 8'b0000_0000
MIG: 20:37:39 :  Invalid Param: DDR2_IBUF_LPWR_MODE ==> "OFF"
MIG: 20:37:39 :  Invalid Param: DDR2_DATA_IO_IDLE_PWRDWN ==> "ON"
MIG: 20:37:39 :  Invalid Param: DDR2_BANK_TYPE ==> "HR_IO"
MIG: 20:37:39 :  Invalid Param: DDR2_DATA_IO_PRIM_TYPE ==> "HR_LP"
MIG: 20:37:39 :  Invalid Param: DDR2_CKE_ODT_AUX ==> "FALSE"
MIG: 20:37:39 :  Invalid Param: DDR2_USER_REFRESH ==> "OFF"
MIG: 20:37:39 :  Invalid Param: DDR2_WRLVL ==> "OFF"
MIG: 20:37:39 :  Invalid Param: DDR2_ORDERING ==> "NORM"
MIG: 20:37:39 :  Invalid Param: DDR2_CALIB_ROW_ADD ==> 16'h0000
MIG: 20:37:39 :  Invalid Param: DDR2_CALIB_COL_ADD ==> 12'h000
MIG: 20:37:39 :  Invalid Param: DDR2_CALIB_BA_ADD ==> 3'h0
MIG: 20:37:39 :  Invalid Param: DDR2_TCQ ==> 100
MIG: 20:37:39 :  Invalid Param: DDR2_IODELAY_GRP0 ==> "MICROBLAZE_MIG_7SERIES_0_0_IODELAY_MIG0"
MIG: 20:37:39 :  Invalid Param: DDR2_SYSCLK_TYPE ==> "NO_BUFFER"
MIG: 20:37:39 :  Invalid Param: DDR2_REFCLK_TYPE ==> "USE_SYSTEM_CLOCK"
MIG: 20:37:39 :  Invalid Param: DDR2_SYS_RST_PORT ==> "FALSE"
MIG: 20:37:39 :  Invalid Param: DDR2_CMD_PIPE_PLUS1 ==> "ON"
MIG: 20:37:39 :  Invalid Param: DDR2_DRAM_TYPE ==> "DDR2"
MIG: 20:37:39 :  Invalid Param: DDR2_CAL_WIDTH ==> "HALF"
MIG: 20:37:39 :  Invalid Param: DDR2_STARVE_LIMIT ==> 2
MIG: 20:37:39 :  Invalid Param: DDR2_REFCLK_FREQ ==> 200.0
MIG: 20:37:39 :  Invalid Param: DDR2_DIFF_TERM_REFCLK ==> "TRUE"
MIG: 20:37:39 :  Invalid Param: DDR2_tCK ==> 3077
MIG: 20:37:39 : 
MIG: 20:37:39 :  Valid Param: DDR2_nCK_PER_CLK ==> 4
MIG: 20:37:39 :  Invalid Param: DDR2_DIFF_TERM_SYSCLK ==> "TRUE"
MIG: 20:37:39 : 
MIG: 20:37:39 :  Valid Param: UI_EXTRA_CLOCKS ==> TRUE
MIG: 20:37:39 : 
MIG: 20:37:39 :  Valid Param: C_S_AXI_ID_WIDTH ==> 1
MIG: 20:37:39 : 
MIG: 20:37:39 :  Valid Param: C_S_AXI_MEM_SIZE ==> 134217728
MIG: 20:37:39 : 
MIG: 20:37:39 :  Valid Param: C_S_AXI_ADDR_WIDTH ==> 32
MIG: 20:37:39 : 
MIG: 20:37:39 :  Valid Param: C_S_AXI_DATA_WIDTH ==> 64
MIG: 20:37:39 :  Invalid Param: DDR2_C_MC_nCK_PER_CLK ==> 4
MIG: 20:37:39 :  Invalid Param: C_S_AXI_SUPPORTS_NARROW_BURST ==> 0
MIG: 20:37:39 :  Invalid Param: DDR2_C_RD_WR_ARB_ALGORITHM ==> "RD_PRI_REG"
MIG: 20:37:39 :  Invalid Param: C_S_AXI_REG_EN0 ==> 20'h00000
MIG: 20:37:39 :  Invalid Param: C_S_AXI_REG_EN1 ==> 20'h00000
MIG: 20:37:39 : 
MIG: 20:37:39 :  Valid Param: C_S_AXI_CTRL_ADDR_WIDTH ==> 32
MIG: 20:37:39 : 
MIG: 20:37:39 :  Valid Param: C_S_AXI_CTRL_DATA_WIDTH ==> 32
MIG: 20:37:39 :  Invalid Param: C_S_AXI_BASEADDR ==> 32'h0000_0000
MIG: 20:37:39 :  Invalid Param: C_ECC_ONOFF_RESET_VALUE ==> 1
MIG: 20:37:39 :  Invalid Param: C_ECC_CE_COUNTER_WIDTH ==> 8
MIG: 20:37:39 : 
MIG: 20:37:39 :  Valid Param: DDR2_DEBUG_PORT ==> OFF
MIG: 20:37:39 : 
MIG: 20:37:39 :  Invalid Param: DDR2_TEMP_MON_CONTROL ==> "INTERNAL"
MIG: 20:37:39 : 
MIG: 20:37:39 : 
MIG: 20:37:39 : 
MIG: 20:37:39 : Same Interface
MIG: 20:37:59 : xml_input_file: board.prj
MIG: 20:37:59 : Absolute path of xml_input_file: /home/tiago/code/AES-FPGA/Project_VHDL/Project_VHDL.srcs/sources_1/bd/Microblaze/ip/Microblaze_mig_7series_0_0/board.prj
MIG: 20:37:59 : In updateAllModelParams
MIG: 20:37:59 : IGN:     <ModuleName>design_1_mig_7series_0_2</ModuleName> <==>     <ModuleName>Microblaze_mig_7series_0_0</ModuleName> 
MIG: 20:37:59 : ERR:     <Version>2.2</Version> <==>     <Version>4.0</Version> 
MIG: 20:37:59 : ################# RUNNING MIG BATCH ###################
MIG: 20:37:59 : Writing IN file for 'Microblaze_mig_7series_0_0'...compDirPath: /home/tiago/opt/Xilinx_Vivado/Vivado/2017.2/data/ip/xilinx/mig_7series_v4_0... instDirPath: /home/tiago/code/AES-FPGA/Project_VHDL/Project_VHDL.srcs/sources_1/bd/Microblaze/ip/Microblaze_mig_7series_0_0
MIG: 20:37:59 : synp_flow:  -- synthesis_mode: Other
MIG: 20:37:59 : outputDirectory: /home/tiago/code/AES-FPGA/Project_VHDL/Project_VHDL.srcs/sources_1/bd/Microblaze/ip/Microblaze_mig_7series_0_0/_tmp/
MIG: 20:37:59 : vivado_mode: xpg_bd
MIG: 20:37:59 : isPortInterface: 0
MIG: 20:37:59 : isPortInterface: 0
MIG: 20:37:59 : isPortInterface: 0
MIG: 20:37:59 : isPortInterface: 0
MIG: 20:37:59 : isPortInterface: 0
MIG: 20:37:59 : isPortInterface: 0
MIG: 20:37:59 : isPortInterface: 0
MIG: 20:37:59 : isPortInterface: 0
MIG: 20:37:59 : isPortInterface: 0
MIG: 20:37:59 : isPortInterface: 0
MIG: 20:37:59 : isPortInterface: 0
MIG: 20:37:59 : isPortInterface: 0
MIG: 20:37:59 : isPortInterface: 0
MIG: 20:37:59 : isPortInterface: 0
MIG: 20:37:59 : isPortInterface: 0
MIG: 20:37:59 : isPortInterface: 0
MIG: 20:37:59 : isPortInterface: 0
MIG: 20:37:59 : isPortInterface: 0
MIG: 20:37:59 : isPortInterface: 0
MIG: 20:37:59 : isPortInterface: 0
MIG: 20:37:59 : isPortInterface: 0
MIG: 20:37:59 : isPortInterface: 0
MIG: 20:37:59 : isPortInterface: 0
MIG: 20:37:59 : isPortInterface: 0
MIG: 20:37:59 : isPortInterface: 0
MIG: 20:37:59 : isPortInterface: 0
MIG: 20:37:59 : isPortInterface: 0
MIG: 20:37:59 : isPortInterface: 0
MIG: 20:37:59 : isPortInterface: 0
MIG: 20:37:59 : isPortInterface: 0
MIG: 20:37:59 : isPortInterface: 0
MIG: 20:37:59 : isPortInterface: 0
MIG: 20:37:59 : isPortInterface: 0
MIG: 20:37:59 : isPortInterface: 0
MIG: 20:37:59 : isPortInterface: 0
MIG: 20:37:59 : isPortInterface: 0
MIG: 20:37:59 : isPortInterface: 0
MIG: 20:37:59 : isPortInterface: 0
MIG: 20:37:59 : isPortInterface: 0
MIG: 20:37:59 : isPortInterface: 0
MIG: 20:37:59 : isPortInterface: 0
MIG: 20:37:59 : isPortInterface: 0
MIG: 20:37:59 : isPortInterface: 0
MIG: 20:37:59 : isPortInterface: 0
MIG: 20:37:59 : isPortInterface: 0
MIG: 20:37:59 : isPortInterface: 0
MIG: 20:37:59 : isPortInterface: 0
MIG: 20:37:59 : isPortInterface: 0
MIG: 20:37:59 : isPortInterface: 0
MIG: 20:37:59 : isPortInterface: 0
MIG: 20:37:59 : isPortInterface: 0
MIG: 20:37:59 : isPortInterface: 0
MIG: 20:37:59 : isPortInterface: 0
MIG: 20:37:59 : isPortInterface: 0
MIG: 20:37:59 : isPortInterface: 0
MIG: 20:37:59 : isPortInterface: 0
MIG: 20:37:59 : isPortInterface: 0
MIG: 20:37:59 : isPortInterface: 0
MIG: 20:37:59 : isPortInterface: 0
MIG: 20:37:59 : isPortInterface: 0
MIG: 20:37:59 : isPortInterface: 0
MIG: 20:37:59 : isPortInterface: 0
MIG: 20:37:59 : isPortInterface: 0
MIG: 20:37:59 : isPortInterface: 0
MIG: 20:37:59 : isPortInterface: 0
MIG: 20:37:59 : isPortInterface: 0
MIG: 20:37:59 : isPortInterface: 0
MIG: 20:37:59 : isPortInterface: 0
MIG: 20:37:59 : isPortInterface: 0
MIG: 20:37:59 : isPortInterface: 0
MIG: 20:37:59 : isPortInterface: 0
MIG: 20:37:59 : isPortInterface: 0
MIG: 20:37:59 : isPortInterface: 0
MIG: 20:37:59 : isPortInterface: 0
MIG: 20:37:59 : isPortInterface: 0
MIG: 20:37:59 : isPortInterface: 0
MIG: 20:37:59 : isPortInterface: 0
MIG: 20:37:59 : isPortInterface: 0
MIG: 20:37:59 : isPortInterface: 0
MIG: 20:37:59 : isPortInterface: 0
MIG: 20:37:59 : isPortInterface: 0
MIG: 20:37:59 : isPortInterface: 0
MIG: 20:37:59 : isPortInterface: 0
MIG: 20:37:59 : isPortInterface: 0
MIG: 20:37:59 : isPortInterface: 0
MIG: 20:37:59 : isPortInterface: 0
MIG: 20:37:59 : isPortInterface: 0
MIG: 20:37:59 : isPortInterface: 0
MIG: 20:37:59 : isPortInterface: 0
MIG: 20:37:59 : isPortInterface: 0
MIG: 20:37:59 : isPortInterface: 0
MIG: 20:37:59 : isPortInterface: 0
MIG: 20:37:59 : isPortInterface: 0
MIG: 20:37:59 : isPortInterface: 0
MIG: 20:37:59 : isPortInterface: 0
MIG: 20:37:59 : isPortInterface: 0
MIG: 20:37:59 : isPortInterface: 0
MIG: 20:37:59 : isPortInterface: 0
MIG: 20:37:59 : isPortInterface: 0
MIG: 20:37:59 : isPortInterface: 0
MIG: 20:37:59 : isPortInterface: 0
MIG: 20:37:59 : isPortInterface: 0
MIG: 20:37:59 : isPortInterface: 0
MIG: 20:37:59 : isPortInterface: 0
MIG: 20:37:59 : isPortInterface: 0
MIG: 20:37:59 : isPortInterface: 0
MIG: 20:37:59 : isPortInterface: 0
MIG: 20:37:59 : isPortInterface: 0
MIG: 20:37:59 : isPortInterface: 0
MIG: 20:37:59 : isPortInterface: 0
MIG: 20:37:59 : isPortInterface: 0
MIG: 20:37:59 : isPortInterface: 0
MIG: 20:37:59 : isPortInterface: 0
MIG: 20:37:59 : isPortInterface: 0
MIG: 20:37:59 : isPortInterface: 0
MIG: 20:37:59 : isPortInterface: 0
MIG: 20:37:59 : isPortInterface: 0
MIG: 20:37:59 : isPortInterface: 1
MIG: 20:37:59 : isPortInterface: 0
MIG: 20:37:59 : isPortInterface: 0
MIG: 20:37:59 : isPortInterface: 0
MIG: 20:37:59 : isPortInterface: 0
MIG: 20:37:59 : isPortInterface: 0
MIG: 20:37:59 : isPortInterface: 0
MIG: 20:37:59 : isPortInterface: 0
MIG: 20:37:59 : isPortInterface: 0
MIG: 20:37:59 : isPortInterface: 0
MIG: 20:37:59 : isPortInterface: 0
MIG: 20:37:59 :  locked false  
MIG: 20:37:59 : HDL Language: Verilog
MIG: 20:37:59 : compInfo: true
MIG: 20:37:59 : Vivado Options xc7a100t csg324 -1
MIG: 20:37:59 : 1: xc7a100t 2: csg324 3: -1
MIG: 20:37:59 : relative mig path: coregen/ip/xilinx/other/com/xilinx/ip/mig_7series_v4_0/bin/lin64/mig
MIG: 20:37:59 : xilinx_path: /home/tiago/opt/Xilinx_Vivado/Vivado/2017.2/ids_lite/ISE
MIG: 20:37:59 : I am in catch area
MIG: 20:37:59 : Running /home/tiago/opt/Xilinx_Vivado/Vivado/2017.2/ids_lite/ISE/coregen/ip/xilinx/other/com/xilinx/ip/mig_7series_v4_0/bin/lin64/mig -cg_exc_inp /home/tiago/code/AES-FPGA/Project_VHDL/Project_VHDL.srcs/sources_1/bd/Microblaze/ip/Microblaze_mig_7series_0_0/xil_txt.in -cg_exc_out /home/tiago/code/AES-FPGA/Project_VHDL/Project_VHDL.srcs/sources_1/bd/Microblaze/ip/Microblaze_mig_7series_0_0/xil_txt.out ... 
MIG: 20:38:10 : XML_INPUT_FILE: /home/tiago/code/AES-FPGA/Project_VHDL/Project_VHDL.srcs/sources_1/bd/Microblaze/ip/Microblaze_mig_7series_0_0/board.prj
MIG: 20:38:10 : Component_Name: Microblaze_mig_7series_0_0
MIG: 20:38:10 : Moving Microblaze_mig_7series_0_0_xmdf.tcl ...
MIG: 20:38:10 : Moving Microblaze_mig_7series_0_0 ...
MIG: 20:38:10 : Moving Microblaze_mig_7series_0_0.veo ...
MIG: 20:38:10 : XGUI hdlLanguage: Verilog
MIG: 20:38:10 : xgui vivado_mode: xpg_bd
MIG: 20:38:10 : xgui hdlLanguage: Verilog -- hdlExt: v
MIG: 20:38:10 : Reading /home/tiago/code/AES-FPGA/Project_VHDL/Project_VHDL.srcs/sources_1/bd/Microblaze/ip/Microblaze_mig_7series_0_0/Microblaze_mig_7series_0_0/user_design/rtl/Microblaze_mig_7series_0_0_mig.v ...
MIG: 20:38:11 : 
MIG: 20:38:11 : Inside fn mem: DDR2
MIG: 20:38:11 : detect_uiclk: 81247969
MIG: 20:38:11 : cntrl:  memtype: DDR2
MIG: 20:38:11 : 
MIG: 20:38:11 :  MMCM_VCO single ctrl param_name: MMCM_VCO --  possibleMaxVcoVal: 1200 
MIG: 20:38:11 : 
MIG: 20:38:11 : 
MIG: 20:38:11 : 
MIG: 20:38:11 : 
MIG: 20:38:11 :  polarity_value: 1
MIG: 20:38:11 : 
MIG: 20:38:11 : 
MIG: 20:38:11 : cntrl:  memtype: DDR2
MIG: 20:38:11 : Prasad ----: isMMCMExtraClkParam:: MMCM_CLKOUT0_EN --- "TRUE"
MIG: 20:38:11 : 
MIG: 20:38:11 :  MMCM Enable Param: MMCM_CLKOUT0_EN ==> TRUE
MIG: 20:38:11 : Prasad ----: isMMCMExtraClkParam:: MMCM_CLKOUT1_EN --- "FALSE"
MIG: 20:38:11 : 
MIG: 20:38:11 :  MMCM Enable Param: MMCM_CLKOUT1_EN ==> FALSE
MIG: 20:38:11 : Prasad ----: isMMCMExtraClkParam:: MMCM_CLKOUT2_EN --- "FALSE"
MIG: 20:38:11 : 
MIG: 20:38:11 :  MMCM Enable Param: MMCM_CLKOUT2_EN ==> FALSE
MIG: 20:38:11 : Prasad ----: isMMCMExtraClkParam:: MMCM_CLKOUT3_EN --- "FALSE"
MIG: 20:38:11 : 
MIG: 20:38:11 :  MMCM Enable Param: MMCM_CLKOUT3_EN ==> FALSE
MIG: 20:38:11 : Prasad ----: isMMCMExtraClkParam:: MMCM_CLKOUT4_EN --- "FALSE"
MIG: 20:38:11 : 
MIG: 20:38:11 :  MMCM Enable Param: MMCM_CLKOUT4_EN ==> FALSE
MIG: 20:38:11 : Prasad ----: isMMCMExtraClkParam:: MMCM_CLKOUT0_DIVIDE --- 12.000
MIG: 20:38:11 : possibleMaxVcoVal:: 1200 ---- paramName: MMCM_CLKOUT0_DIVIDE
MIG: 20:38:11 : 
MIG: 20:38:11 :  MMCM Extra Param: MMCM_CLKOUT0_FREQ ==> 100000000
MIG: 20:38:11 : Prasad ----: isMMCMExtraClkParam:: MMCM_CLKOUT1_DIVIDE --- 1
MIG: 20:38:11 : possibleMaxVcoVal:: 1200 ---- paramName: MMCM_CLKOUT1_DIVIDE
MIG: 20:38:11 : 
MIG: 20:38:11 :  MMCM Extra Param: MMCM_CLKOUT1_FREQ ==> 1200000000
MIG: 20:38:11 : Prasad ----: isMMCMExtraClkParam:: MMCM_CLKOUT2_DIVIDE --- 1
MIG: 20:38:11 : possibleMaxVcoVal:: 1200 ---- paramName: MMCM_CLKOUT2_DIVIDE
MIG: 20:38:11 : 
MIG: 20:38:11 :  MMCM Extra Param: MMCM_CLKOUT2_FREQ ==> 1200000000
MIG: 20:38:11 : Prasad ----: isMMCMExtraClkParam:: MMCM_CLKOUT3_DIVIDE --- 1
MIG: 20:38:11 : possibleMaxVcoVal:: 1200 ---- paramName: MMCM_CLKOUT3_DIVIDE
MIG: 20:38:11 : 
MIG: 20:38:11 :  MMCM Extra Param: MMCM_CLKOUT3_FREQ ==> 1200000000
MIG: 20:38:11 : Prasad ----: isMMCMExtraClkParam:: MMCM_CLKOUT4_DIVIDE --- 1
MIG: 20:38:11 : possibleMaxVcoVal:: 1200 ---- paramName: MMCM_CLKOUT4_DIVIDE
MIG: 20:38:11 : 
MIG: 20:38:11 :  MMCM Extra Param: MMCM_CLKOUT4_FREQ ==> 1200000000
MIG: 20:38:11 :  Invalid Param: DDR2_RST_ACT_LOW ==> 1
MIG: 20:38:11 : 
MIG: 20:38:11 :  Valid Param: DDR2_BANK_WIDTH ==> 3
MIG: 20:38:11 : 
MIG: 20:38:11 :  Valid Param: DDR2_CK_WIDTH ==> 1
MIG: 20:38:11 :  Invalid Param: DDR2_COL_WIDTH ==> 10
MIG: 20:38:11 : 
MIG: 20:38:11 :  Valid Param: DDR2_CS_WIDTH ==> 1
MIG: 20:38:11 : 
MIG: 20:38:11 :  Valid Param: DDR2_nCS_PER_RANK ==> 1
MIG: 20:38:11 : 
MIG: 20:38:11 :  Valid Param: DDR2_CKE_WIDTH ==> 1
MIG: 20:38:11 :  Invalid Param: DDR2_DATA_BUF_ADDR_WIDTH ==> 5
MIG: 20:38:11 :  Invalid Param: DDR2_DQ_CNT_WIDTH ==> 4
MIG: 20:38:11 :  Invalid Param: DDR2_DQ_PER_DM ==> 8
MIG: 20:38:11 : 
MIG: 20:38:11 :  Valid Param: DDR2_DM_WIDTH ==> 2
MIG: 20:38:11 : 
MIG: 20:38:11 :  Valid Param: DDR2_DQ_WIDTH ==> 16
MIG: 20:38:11 : 
MIG: 20:38:11 :  Valid Param: DDR2_DQS_WIDTH ==> 2
MIG: 20:38:11 : 
MIG: 20:38:11 :  Valid Param: DDR2_DQS_CNT_WIDTH ==> 1
MIG: 20:38:11 :  Invalid Param: DDR2_DRAM_WIDTH ==> 8
MIG: 20:38:11 : 
MIG: 20:38:11 :  Valid Param: ECC ==> OFF
MIG: 20:38:11 : 
MIG: 20:38:11 :  Valid Param: DDR2_DATA_WIDTH ==> 16
MIG: 20:38:11 :  Invalid Param: ECC_TEST ==> "OFF"
MIG: 20:38:11 :  Invalid Param: DDR2_PAYLOAD_WIDTH ==> (ECC_TEST == "OFF") ? DATA_WIDTH : DQ_WIDTH
MIG: 20:38:11 :  Invalid Param: DDR2_MEM_ADDR_ORDER ==> "BANK_ROW_COLUMN"
MIG: 20:38:11 :  Invalid Param: DDR2_nBANK_MACHS ==> 4
MIG: 20:38:11 :  Invalid Param: DDR2_RANKS ==> 1
MIG: 20:38:11 : 
MIG: 20:38:11 :  Valid Param: DDR2_ODT_WIDTH ==> 1
MIG: 20:38:11 : 
MIG: 20:38:11 :  Valid Param: DDR2_ROW_WIDTH ==> 13
MIG: 20:38:11 : 
MIG: 20:38:11 :  Valid Param: DDR2_ADDR_WIDTH ==> 27
MIG: 20:38:11 : 
MIG: 20:38:11 :  Valid Param: DDR2_USE_CS_PORT ==> 1
MIG: 20:38:11 : 
MIG: 20:38:11 :  Valid Param: DDR2_USE_DM_PORT ==> 1
MIG: 20:38:11 : 
MIG: 20:38:11 :  Valid Param: DDR2_USE_ODT_PORT ==> 1
MIG: 20:38:11 :  Invalid Param: DDR2_PHY_CONTROL_MASTER_BANK ==> 0
MIG: 20:38:11 :  Invalid Param: DDR2_MEM_DENSITY ==> "1Gb"
MIG: 20:38:11 :  Invalid Param: DDR2_MEM_SPEEDGRADE ==> "25E"
MIG: 20:38:11 :  Invalid Param: DDR2_MEM_DEVICE_WIDTH ==> 16
MIG: 20:38:11 :  Invalid Param: DDR2_AL ==> "0"
MIG: 20:38:11 :  Invalid Param: DDR2_nAL ==> 0
MIG: 20:38:11 :  Invalid Param: DDR2_BURST_MODE ==> "8"
MIG: 20:38:11 :  Invalid Param: DDR2_BURST_TYPE ==> "SEQ"
MIG: 20:38:11 :  Invalid Param: DDR2_CL ==> 5
MIG: 20:38:11 :  Invalid Param: DDR2_OUTPUT_DRV ==> "HIGH"
MIG: 20:38:11 :  Invalid Param: DDR2_RTT_NOM ==> "50"
MIG: 20:38:11 :  Invalid Param: DDR2_ADDR_CMD_MODE ==> "1T"
MIG: 20:38:11 : 
MIG: 20:38:11 :  Valid Param: DDR2_REG_CTRL ==> OFF
MIG: 20:38:11 :  Invalid Param: DDR2_CLKIN_PERIOD ==> 5000
MIG: 20:38:11 :  Invalid Param: DDR2_CLKFBOUT_MULT ==> 13
MIG: 20:38:11 :  Invalid Param: DDR2_DIVCLK_DIVIDE ==> 2
MIG: 20:38:11 :  Invalid Param: DDR2_CLKOUT0_PHASE ==> 0.0
MIG: 20:38:11 :  Invalid Param: DDR2_CLKOUT0_DIVIDE ==> 2
MIG: 20:38:11 :  Invalid Param: DDR2_CLKOUT1_DIVIDE ==> 4
MIG: 20:38:11 :  Invalid Param: DDR2_CLKOUT2_DIVIDE ==> 64
MIG: 20:38:11 :  Invalid Param: DDR2_CLKOUT3_DIVIDE ==> 16
MIG: 20:38:11 :  Invalid Param: DDR2_MMCM_VCO ==> 1200
MIG: 20:38:11 :  Invalid Param: DDR2_MMCM_MULT_F ==> 14
MIG: 20:38:11 :  Invalid Param: DDR2_MMCM_DIVCLK_DIVIDE ==> 1
MIG: 20:38:11 :  Invalid Param: DDR2_MMCM_CLKOUT0_EN ==> "TRUE"
MIG: 20:38:11 :  Invalid Param: DDR2_MMCM_CLKOUT1_EN ==> "FALSE"
MIG: 20:38:11 :  Invalid Param: DDR2_MMCM_CLKOUT2_EN ==> "FALSE"
MIG: 20:38:11 :  Invalid Param: DDR2_MMCM_CLKOUT3_EN ==> "FALSE"
MIG: 20:38:11 :  Invalid Param: DDR2_MMCM_CLKOUT4_EN ==> "FALSE"
MIG: 20:38:11 :  Invalid Param: DDR2_MMCM_CLKOUT0_DIVIDE ==> 12.000
MIG: 20:38:11 :  Invalid Param: DDR2_MMCM_CLKOUT1_DIVIDE ==> 1
MIG: 20:38:11 :  Invalid Param: DDR2_MMCM_CLKOUT2_DIVIDE ==> 1
MIG: 20:38:11 :  Invalid Param: DDR2_MMCM_CLKOUT3_DIVIDE ==> 1
MIG: 20:38:11 :  Invalid Param: DDR2_MMCM_CLKOUT4_DIVIDE ==> 1
MIG: 20:38:11 :  Invalid Param: DDR2_tCKE ==> 7500
MIG: 20:38:11 :  Invalid Param: DDR2_tFAW ==> 45000
MIG: 20:38:11 :  Invalid Param: DDR2_tPRDI ==> 1_000_000
MIG: 20:38:11 :  Invalid Param: DDR2_tRAS ==> 40000
MIG: 20:38:11 :  Invalid Param: DDR2_tRCD ==> 15000
MIG: 20:38:11 :  Invalid Param: DDR2_tREFI ==> 7800000
MIG: 20:38:11 :  Invalid Param: DDR2_tRFC ==> 127500
MIG: 20:38:11 :  Invalid Param: DDR2_tRP ==> 12500
MIG: 20:38:11 :  Invalid Param: DDR2_tRRD ==> 10000
MIG: 20:38:11 :  Invalid Param: DDR2_tRTP ==> 7500
MIG: 20:38:11 :  Invalid Param: DDR2_tWTR ==> 7500
MIG: 20:38:11 :  Invalid Param: DDR2_tZQI ==> 128_000_000
MIG: 20:38:11 :  Invalid Param: DDR2_tZQCS ==> 64
MIG: 20:38:11 :  Invalid Param: DDR2_SIM_BYPASS_INIT_CAL ==> "OFF"
MIG: 20:38:11 :  Invalid Param: DDR2_SIMULATION ==> "FALSE"
MIG: 20:38:11 :  Invalid Param: DDR2_BYTE_LANES_B0 ==> 4'b1111
MIG: 20:38:11 :  Invalid Param: DDR2_BYTE_LANES_B1 ==> 4'b0000
MIG: 20:38:11 :  Invalid Param: DDR2_BYTE_LANES_B2 ==> 4'b0000
MIG: 20:38:11 :  Invalid Param: DDR2_BYTE_LANES_B3 ==> 4'b0000
MIG: 20:38:11 :  Invalid Param: DDR2_BYTE_LANES_B4 ==> 4'b0000
MIG: 20:38:11 :  Invalid Param: DDR2_DATA_CTL_B0 ==> 4'b0101
MIG: 20:38:11 :  Invalid Param: DDR2_DATA_CTL_B1 ==> 4'b0000
MIG: 20:38:11 :  Invalid Param: DDR2_DATA_CTL_B2 ==> 4'b0000
MIG: 20:38:11 :  Invalid Param: DDR2_DATA_CTL_B3 ==> 4'b0000
MIG: 20:38:11 :  Invalid Param: DDR2_DATA_CTL_B4 ==> 4'b0000
MIG: 20:38:11 :  Invalid Param: DDR2_PHY_0_BITLANES ==> 48'hFFC_3F7_FFF_3FE
MIG: 20:38:11 :  Invalid Param: DDR2_PHY_1_BITLANES ==> 48'h000_000_000_000
MIG: 20:38:11 :  Invalid Param: DDR2_PHY_2_BITLANES ==> 48'h000_000_000_000
MIG: 20:38:11 :  Invalid Param: DDR2_CK_BYTE_MAP ==> 144'h00_00_00_00_00_00_00_00_00_00_00_00_00_00_00_00_00_03
MIG: 20:38:11 :  Invalid Param: DDR2_ADDR_MAP ==> 192'h000_000_000_010_033_01A_019_032_03A_034_018_036_012_011_017_015
MIG: 20:38:11 :  Invalid Param: DDR2_BANK_MAP ==> 36'h013_016_01B
MIG: 20:38:11 :  Invalid Param: DDR2_CAS_MAP ==> 12'h039
MIG: 20:38:11 :  Invalid Param: DDR2_CKE_ODT_BYTE_MAP ==> 8'h00
MIG: 20:38:11 :  Invalid Param: DDR2_CKE_MAP ==> 96'h000_000_000_000_000_000_000_038
MIG: 20:38:11 :  Invalid Param: DDR2_ODT_MAP ==> 96'h000_000_000_000_000_000_000_035
MIG: 20:38:11 :  Invalid Param: DDR2_CS_MAP ==> 120'h000_000_000_000_000_000_000_000_000_037
MIG: 20:38:11 :  Invalid Param: DDR2_PARITY_MAP ==> 12'h000
MIG: 20:38:11 :  Invalid Param: DDR2_RAS_MAP ==> 12'h014
MIG: 20:38:11 :  Invalid Param: DDR2_WE_MAP ==> 12'h03B
MIG: 20:38:11 :  Invalid Param: DDR2_DQS_BYTE_MAP ==> 144'h00_00_00_00_00_00_00_00_00_00_00_00_00_00_00_00_02_00
MIG: 20:38:11 :  Invalid Param: DDR2_DATA0_MAP ==> 96'h008_004_009_007_005_001_006_003
MIG: 20:38:11 :  Invalid Param: DDR2_DATA1_MAP ==> 96'h022_028_020_024_027_025_026_021
MIG: 20:38:11 :  Invalid Param: DDR2_DATA2_MAP ==> 96'h000_000_000_000_000_000_000_000
MIG: 20:38:11 :  Invalid Param: DDR2_DATA3_MAP ==> 96'h000_000_000_000_000_000_000_000
MIG: 20:38:11 :  Invalid Param: DDR2_DATA4_MAP ==> 96'h000_000_000_000_000_000_000_000
MIG: 20:38:11 :  Invalid Param: DDR2_DATA5_MAP ==> 96'h000_000_000_000_000_000_000_000
MIG: 20:38:11 :  Invalid Param: DDR2_DATA6_MAP ==> 96'h000_000_000_000_000_000_000_000
MIG: 20:38:11 :  Invalid Param: DDR2_DATA7_MAP ==> 96'h000_000_000_000_000_000_000_000
MIG: 20:38:11 :  Invalid Param: DDR2_DATA8_MAP ==> 96'h000_000_000_000_000_000_000_000
MIG: 20:38:11 :  Invalid Param: DDR2_DATA9_MAP ==> 96'h000_000_000_000_000_000_000_000
MIG: 20:38:11 :  Invalid Param: DDR2_DATA10_MAP ==> 96'h000_000_000_000_000_000_000_000
MIG: 20:38:11 :  Invalid Param: DDR2_DATA11_MAP ==> 96'h000_000_000_000_000_000_000_000
MIG: 20:38:11 :  Invalid Param: DDR2_DATA12_MAP ==> 96'h000_000_000_000_000_000_000_000
MIG: 20:38:11 :  Invalid Param: DDR2_DATA13_MAP ==> 96'h000_000_000_000_000_000_000_000
MIG: 20:38:11 :  Invalid Param: DDR2_DATA14_MAP ==> 96'h000_000_000_000_000_000_000_000
MIG: 20:38:11 :  Invalid Param: DDR2_DATA15_MAP ==> 96'h000_000_000_000_000_000_000_000
MIG: 20:38:11 :  Invalid Param: DDR2_DATA16_MAP ==> 96'h000_000_000_000_000_000_000_000
MIG: 20:38:11 :  Invalid Param: DDR2_DATA17_MAP ==> 96'h000_000_000_000_000_000_000_000
MIG: 20:38:11 :  Invalid Param: DDR2_MASK0_MAP ==> 108'h000_000_000_000_000_000_000_029_002
MIG: 20:38:11 :  Invalid Param: DDR2_MASK1_MAP ==> 108'h000_000_000_000_000_000_000_000_000
MIG: 20:38:11 :  Invalid Param: DDR2_SLOT_0_CONFIG ==> 8'b0000_0001
MIG: 20:38:11 :  Invalid Param: DDR2_SLOT_1_CONFIG ==> 8'b0000_0000
MIG: 20:38:11 :  Invalid Param: DDR2_IBUF_LPWR_MODE ==> "OFF"
MIG: 20:38:11 :  Invalid Param: DDR2_DATA_IO_IDLE_PWRDWN ==> "ON"
MIG: 20:38:11 :  Invalid Param: DDR2_BANK_TYPE ==> "HR_IO"
MIG: 20:38:11 :  Invalid Param: DDR2_DATA_IO_PRIM_TYPE ==> "HR_LP"
MIG: 20:38:11 :  Invalid Param: DDR2_CKE_ODT_AUX ==> "FALSE"
MIG: 20:38:11 :  Invalid Param: DDR2_USER_REFRESH ==> "OFF"
MIG: 20:38:11 :  Invalid Param: DDR2_WRLVL ==> "OFF"
MIG: 20:38:11 :  Invalid Param: DDR2_ORDERING ==> "NORM"
MIG: 20:38:11 :  Invalid Param: DDR2_CALIB_ROW_ADD ==> 16'h0000
MIG: 20:38:11 :  Invalid Param: DDR2_CALIB_COL_ADD ==> 12'h000
MIG: 20:38:11 :  Invalid Param: DDR2_CALIB_BA_ADD ==> 3'h0
MIG: 20:38:11 :  Invalid Param: DDR2_TCQ ==> 100
MIG: 20:38:11 :  Invalid Param: DDR2_IODELAY_GRP0 ==> "MICROBLAZE_MIG_7SERIES_0_0_IODELAY_MIG0"
MIG: 20:38:11 :  Invalid Param: DDR2_SYSCLK_TYPE ==> "NO_BUFFER"
MIG: 20:38:11 :  Invalid Param: DDR2_REFCLK_TYPE ==> "USE_SYSTEM_CLOCK"
MIG: 20:38:11 :  Invalid Param: DDR2_SYS_RST_PORT ==> "FALSE"
MIG: 20:38:11 :  Invalid Param: DDR2_CMD_PIPE_PLUS1 ==> "ON"
MIG: 20:38:11 :  Invalid Param: DDR2_DRAM_TYPE ==> "DDR2"
MIG: 20:38:11 :  Invalid Param: DDR2_CAL_WIDTH ==> "HALF"
MIG: 20:38:11 :  Invalid Param: DDR2_STARVE_LIMIT ==> 2
MIG: 20:38:11 :  Invalid Param: DDR2_REFCLK_FREQ ==> 200.0
MIG: 20:38:11 :  Invalid Param: DDR2_DIFF_TERM_REFCLK ==> "TRUE"
MIG: 20:38:11 :  Invalid Param: DDR2_tCK ==> 3077
MIG: 20:38:11 : 
MIG: 20:38:11 :  Valid Param: DDR2_nCK_PER_CLK ==> 4
MIG: 20:38:11 :  Invalid Param: DDR2_DIFF_TERM_SYSCLK ==> "TRUE"
MIG: 20:38:11 : 
MIG: 20:38:11 :  Valid Param: UI_EXTRA_CLOCKS ==> TRUE
MIG: 20:38:11 : 
MIG: 20:38:11 :  Valid Param: C_S_AXI_ID_WIDTH ==> 1
MIG: 20:38:11 : 
MIG: 20:38:11 :  Valid Param: C_S_AXI_MEM_SIZE ==> 134217728
MIG: 20:38:11 : 
MIG: 20:38:11 :  Valid Param: C_S_AXI_ADDR_WIDTH ==> 32
MIG: 20:38:11 : 
MIG: 20:38:11 :  Valid Param: C_S_AXI_DATA_WIDTH ==> 64
MIG: 20:38:11 :  Invalid Param: DDR2_C_MC_nCK_PER_CLK ==> 4
MIG: 20:38:11 :  Invalid Param: C_S_AXI_SUPPORTS_NARROW_BURST ==> 0
MIG: 20:38:11 :  Invalid Param: DDR2_C_RD_WR_ARB_ALGORITHM ==> "RD_PRI_REG"
MIG: 20:38:11 :  Invalid Param: C_S_AXI_REG_EN0 ==> 20'h00000
MIG: 20:38:11 :  Invalid Param: C_S_AXI_REG_EN1 ==> 20'h00000
MIG: 20:38:11 : 
MIG: 20:38:11 :  Valid Param: C_S_AXI_CTRL_ADDR_WIDTH ==> 32
MIG: 20:38:11 : 
MIG: 20:38:11 :  Valid Param: C_S_AXI_CTRL_DATA_WIDTH ==> 32
MIG: 20:38:11 :  Invalid Param: C_S_AXI_BASEADDR ==> 32'h0000_0000
MIG: 20:38:11 :  Invalid Param: C_ECC_ONOFF_RESET_VALUE ==> 1
MIG: 20:38:11 :  Invalid Param: C_ECC_CE_COUNTER_WIDTH ==> 8
MIG: 20:38:11 : 
MIG: 20:38:11 :  Valid Param: DDR2_DEBUG_PORT ==> OFF
MIG: 20:38:11 : 
MIG: 20:38:11 :  Invalid Param: DDR2_TEMP_MON_CONTROL ==> "INTERNAL"
MIG: 20:38:11 : 
MIG: 20:38:11 : 
MIG: 20:38:11 : 
MIG: 20:38:11 : Same Interface
MIG: 20:45:23 : Running synthesis.xit
MIG: 20:45:23 : IGN:     <ModuleName>design_1_mig_7series_0_2</ModuleName> <==>     <ModuleName>Microblaze_mig_7series_0_0</ModuleName> 
MIG: 20:45:23 : ERR:     <Version>2.2</Version> <==>     <Version>4.0</Version> 
MIG: 20:45:23 : ################# RUNNING MIG BATCH ###################
MIG: 20:45:23 : Writing IN file for 'Microblaze_mig_7series_0_0'...compDirPath: /home/tiago/opt/Xilinx_Vivado/Vivado/2017.2/data/ip/xilinx/mig_7series_v4_0... instDirPath: /home/tiago/code/AES-FPGA/Project_VHDL/Project_VHDL.srcs/sources_1/bd/Microblaze/ip/Microblaze_mig_7series_0_0
MIG: 20:45:23 : synp_flow:  -- synthesis_mode: Other
MIG: 20:45:23 : outputDirectory: /home/tiago/code/AES-FPGA/Project_VHDL/Project_VHDL.srcs/sources_1/bd/Microblaze/ip/Microblaze_mig_7series_0_0/_tmp/
MIG: 20:45:23 : vivado_mode: xpg_bd
MIG: 20:45:23 : isPortInterface: 0
MIG: 20:45:23 : isPortInterface: 0
MIG: 20:45:23 : isPortInterface: 0
MIG: 20:45:23 : isPortInterface: 0
MIG: 20:45:23 : isPortInterface: 0
MIG: 20:45:23 : isPortInterface: 0
MIG: 20:45:23 : isPortInterface: 0
MIG: 20:45:23 : isPortInterface: 0
MIG: 20:45:23 : isPortInterface: 0
MIG: 20:45:23 : isPortInterface: 0
MIG: 20:45:23 : isPortInterface: 0
MIG: 20:45:23 : isPortInterface: 0
MIG: 20:45:23 : isPortInterface: 0
MIG: 20:45:23 : isPortInterface: 0
MIG: 20:45:23 : isPortInterface: 0
MIG: 20:45:23 : isPortInterface: 0
MIG: 20:45:23 : isPortInterface: 0
MIG: 20:45:23 : isPortInterface: 0
MIG: 20:45:23 : isPortInterface: 0
MIG: 20:45:23 : isPortInterface: 0
MIG: 20:45:23 : isPortInterface: 0
MIG: 20:45:23 : isPortInterface: 0
MIG: 20:45:23 : isPortInterface: 0
MIG: 20:45:23 : isPortInterface: 0
MIG: 20:45:23 : isPortInterface: 0
MIG: 20:45:23 : isPortInterface: 0
MIG: 20:45:23 : isPortInterface: 0
MIG: 20:45:23 : isPortInterface: 0
MIG: 20:45:23 : isPortInterface: 0
MIG: 20:45:23 : isPortInterface: 0
MIG: 20:45:23 : isPortInterface: 0
MIG: 20:45:23 : isPortInterface: 0
MIG: 20:45:23 : isPortInterface: 0
MIG: 20:45:23 : isPortInterface: 0
MIG: 20:45:23 : isPortInterface: 0
MIG: 20:45:23 : isPortInterface: 0
MIG: 20:45:23 : isPortInterface: 0
MIG: 20:45:23 : isPortInterface: 0
MIG: 20:45:23 : isPortInterface: 0
MIG: 20:45:23 : isPortInterface: 0
MIG: 20:45:23 : isPortInterface: 0
MIG: 20:45:23 : isPortInterface: 0
MIG: 20:45:23 : isPortInterface: 0
MIG: 20:45:23 : isPortInterface: 0
MIG: 20:45:23 : isPortInterface: 0
MIG: 20:45:23 : isPortInterface: 0
MIG: 20:45:23 : isPortInterface: 0
MIG: 20:45:23 : isPortInterface: 0
MIG: 20:45:23 : isPortInterface: 0
MIG: 20:45:23 : isPortInterface: 0
MIG: 20:45:23 : isPortInterface: 0
MIG: 20:45:23 : isPortInterface: 0
MIG: 20:45:23 : isPortInterface: 0
MIG: 20:45:23 : isPortInterface: 0
MIG: 20:45:23 : isPortInterface: 0
MIG: 20:45:23 : isPortInterface: 0
MIG: 20:45:23 : isPortInterface: 0
MIG: 20:45:23 : isPortInterface: 0
MIG: 20:45:23 : isPortInterface: 0
MIG: 20:45:23 : isPortInterface: 0
MIG: 20:45:23 : isPortInterface: 0
MIG: 20:45:23 : isPortInterface: 0
MIG: 20:45:23 : isPortInterface: 0
MIG: 20:45:23 : isPortInterface: 0
MIG: 20:45:23 : isPortInterface: 0
MIG: 20:45:23 : isPortInterface: 0
MIG: 20:45:23 : isPortInterface: 0
MIG: 20:45:23 : isPortInterface: 0
MIG: 20:45:23 : isPortInterface: 0
MIG: 20:45:23 : isPortInterface: 0
MIG: 20:45:23 : isPortInterface: 0
MIG: 20:45:23 : isPortInterface: 0
MIG: 20:45:23 : isPortInterface: 0
MIG: 20:45:23 : isPortInterface: 0
MIG: 20:45:23 : isPortInterface: 0
MIG: 20:45:23 : isPortInterface: 0
MIG: 20:45:23 : isPortInterface: 0
MIG: 20:45:23 : isPortInterface: 0
MIG: 20:45:23 : isPortInterface: 0
MIG: 20:45:23 : isPortInterface: 0
MIG: 20:45:23 : isPortInterface: 0
MIG: 20:45:23 : isPortInterface: 0
MIG: 20:45:23 : isPortInterface: 0
MIG: 20:45:23 : isPortInterface: 0
MIG: 20:45:23 : isPortInterface: 0
MIG: 20:45:23 : isPortInterface: 0
MIG: 20:45:23 : isPortInterface: 0
MIG: 20:45:23 : isPortInterface: 0
MIG: 20:45:23 : isPortInterface: 0
MIG: 20:45:23 : isPortInterface: 0
MIG: 20:45:23 : isPortInterface: 0
MIG: 20:45:23 : isPortInterface: 0
MIG: 20:45:23 : isPortInterface: 0
MIG: 20:45:23 : isPortInterface: 0
MIG: 20:45:23 : isPortInterface: 0
MIG: 20:45:23 : isPortInterface: 0
MIG: 20:45:23 : isPortInterface: 0
MIG: 20:45:23 : isPortInterface: 0
MIG: 20:45:23 : isPortInterface: 0
MIG: 20:45:23 : isPortInterface: 0
MIG: 20:45:23 : isPortInterface: 0
MIG: 20:45:23 : isPortInterface: 0
MIG: 20:45:23 : isPortInterface: 0
MIG: 20:45:23 : isPortInterface: 0
MIG: 20:45:23 : isPortInterface: 0
MIG: 20:45:23 : isPortInterface: 0
MIG: 20:45:23 : isPortInterface: 0
MIG: 20:45:23 : isPortInterface: 0
MIG: 20:45:23 : isPortInterface: 0
MIG: 20:45:23 : isPortInterface: 0
MIG: 20:45:23 : isPortInterface: 0
MIG: 20:45:23 : isPortInterface: 0
MIG: 20:45:23 : isPortInterface: 0
MIG: 20:45:23 : isPortInterface: 0
MIG: 20:45:23 : isPortInterface: 0
MIG: 20:45:23 : isPortInterface: 0
MIG: 20:45:23 : isPortInterface: 0
MIG: 20:45:23 : isPortInterface: 1
MIG: 20:45:23 : isPortInterface: 0
MIG: 20:45:23 : isPortInterface: 0
MIG: 20:45:23 : isPortInterface: 0
MIG: 20:45:23 : isPortInterface: 0
MIG: 20:45:23 : isPortInterface: 0
MIG: 20:45:23 : isPortInterface: 0
MIG: 20:45:23 : isPortInterface: 0
MIG: 20:45:23 : isPortInterface: 0
MIG: 20:45:23 : isPortInterface: 0
MIG: 20:45:23 : isPortInterface: 0
MIG: 20:45:23 :  locked false  
MIG: 20:45:23 : HDL Language: Verilog
MIG: 20:45:23 : compInfo: false
MIG: 20:45:23 : Vivado Options xc7a100t csg324 -1
MIG: 20:45:23 : 1: xc7a100t 2: csg324 3: -1
MIG: 20:45:23 : relative mig path: coregen/ip/xilinx/other/com/xilinx/ip/mig_7series_v4_0/bin/lin64/mig
MIG: 20:45:23 : xilinx_path: /home/tiago/opt/Xilinx_Vivado/Vivado/2017.2/ids_lite/ISE
MIG: 20:45:23 : I am in catch area
MIG: 20:45:23 : Running /home/tiago/opt/Xilinx_Vivado/Vivado/2017.2/ids_lite/ISE/coregen/ip/xilinx/other/com/xilinx/ip/mig_7series_v4_0/bin/lin64/mig -cg_exc_inp /home/tiago/code/AES-FPGA/Project_VHDL/Project_VHDL.srcs/sources_1/bd/Microblaze/ip/Microblaze_mig_7series_0_0/xil_txt.in -cg_exc_out /home/tiago/code/AES-FPGA/Project_VHDL/Project_VHDL.srcs/sources_1/bd/Microblaze/ip/Microblaze_mig_7series_0_0/xil_txt.out ... 
MIG: 20:45:32 : XML_INPUT_FILE: /home/tiago/code/AES-FPGA/Project_VHDL/Project_VHDL.srcs/sources_1/bd/Microblaze/ip/Microblaze_mig_7series_0_0/board.prj
MIG: 20:45:32 : Component_Name: Microblaze_mig_7series_0_0
MIG: 20:45:32 : Moving Microblaze_mig_7series_0_0_xmdf.tcl ...
MIG: 20:45:32 : Moving Microblaze_mig_7series_0_0 ...
MIG: 20:45:32 : Moving Microblaze_mig_7series_0_0.veo ...
MIG: 20:45:32 : Running vhdl_synth_rpr.xit
MIG: 20:45:32 : IGN:     <ModuleName>design_1_mig_7series_0_2</ModuleName> <==>     <ModuleName>Microblaze_mig_7series_0_0</ModuleName> 
MIG: 20:45:32 : ERR:     <Version>2.2</Version> <==>     <Version>4.0</Version> 
MIG: 20:45:32 : ################# RUNNING MIG BATCH ###################
MIG: 20:45:32 : Writing IN file for 'Microblaze_mig_7series_0_0'...compDirPath: /home/tiago/opt/Xilinx_Vivado/Vivado/2017.2/data/ip/xilinx/mig_7series_v4_0... instDirPath: /home/tiago/code/AES-FPGA/Project_VHDL/Project_VHDL.srcs/sources_1/bd/Microblaze/ip/Microblaze_mig_7series_0_0
MIG: 20:45:32 : synp_flow:  -- synthesis_mode: Other
MIG: 20:45:32 : outputDirectory: /home/tiago/code/AES-FPGA/Project_VHDL/Project_VHDL.srcs/sources_1/bd/Microblaze/ip/Microblaze_mig_7series_0_0/_tmp/
MIG: 20:45:32 : vivado_mode: xpg_bd
MIG: 20:45:32 : isPortInterface: 0
MIG: 20:45:32 : isPortInterface: 0
MIG: 20:45:32 : isPortInterface: 0
MIG: 20:45:32 : isPortInterface: 0
MIG: 20:45:32 : isPortInterface: 0
MIG: 20:45:32 : isPortInterface: 0
MIG: 20:45:32 : isPortInterface: 0
MIG: 20:45:32 : isPortInterface: 0
MIG: 20:45:32 : isPortInterface: 0
MIG: 20:45:32 : isPortInterface: 0
MIG: 20:45:32 : isPortInterface: 0
MIG: 20:45:32 : isPortInterface: 0
MIG: 20:45:32 : isPortInterface: 0
MIG: 20:45:32 : isPortInterface: 0
MIG: 20:45:32 : isPortInterface: 0
MIG: 20:45:32 : isPortInterface: 0
MIG: 20:45:32 : isPortInterface: 0
MIG: 20:45:32 : isPortInterface: 0
MIG: 20:45:32 : isPortInterface: 0
MIG: 20:45:32 : isPortInterface: 0
MIG: 20:45:32 : isPortInterface: 0
MIG: 20:45:32 : isPortInterface: 0
MIG: 20:45:32 : isPortInterface: 0
MIG: 20:45:32 : isPortInterface: 0
MIG: 20:45:32 : isPortInterface: 0
MIG: 20:45:32 : isPortInterface: 0
MIG: 20:45:32 : isPortInterface: 0
MIG: 20:45:32 : isPortInterface: 0
MIG: 20:45:32 : isPortInterface: 0
MIG: 20:45:32 : isPortInterface: 0
MIG: 20:45:32 : isPortInterface: 0
MIG: 20:45:32 : isPortInterface: 0
MIG: 20:45:32 : isPortInterface: 0
MIG: 20:45:32 : isPortInterface: 0
MIG: 20:45:32 : isPortInterface: 0
MIG: 20:45:32 : isPortInterface: 0
MIG: 20:45:32 : isPortInterface: 0
MIG: 20:45:32 : isPortInterface: 0
MIG: 20:45:32 : isPortInterface: 0
MIG: 20:45:32 : isPortInterface: 0
MIG: 20:45:32 : isPortInterface: 0
MIG: 20:45:32 : isPortInterface: 0
MIG: 20:45:32 : isPortInterface: 0
MIG: 20:45:32 : isPortInterface: 0
MIG: 20:45:32 : isPortInterface: 0
MIG: 20:45:32 : isPortInterface: 0
MIG: 20:45:32 : isPortInterface: 0
MIG: 20:45:32 : isPortInterface: 0
MIG: 20:45:32 : isPortInterface: 0
MIG: 20:45:32 : isPortInterface: 0
MIG: 20:45:32 : isPortInterface: 0
MIG: 20:45:32 : isPortInterface: 0
MIG: 20:45:32 : isPortInterface: 0
MIG: 20:45:32 : isPortInterface: 0
MIG: 20:45:32 : isPortInterface: 0
MIG: 20:45:32 : isPortInterface: 0
MIG: 20:45:32 : isPortInterface: 0
MIG: 20:45:32 : isPortInterface: 0
MIG: 20:45:32 : isPortInterface: 0
MIG: 20:45:32 : isPortInterface: 0
MIG: 20:45:32 : isPortInterface: 0
MIG: 20:45:32 : isPortInterface: 0
MIG: 20:45:32 : isPortInterface: 0
MIG: 20:45:32 : isPortInterface: 0
MIG: 20:45:32 : isPortInterface: 0
MIG: 20:45:32 : isPortInterface: 0
MIG: 20:45:32 : isPortInterface: 0
MIG: 20:45:32 : isPortInterface: 0
MIG: 20:45:32 : isPortInterface: 0
MIG: 20:45:32 : isPortInterface: 0
MIG: 20:45:32 : isPortInterface: 0
MIG: 20:45:32 : isPortInterface: 0
MIG: 20:45:32 : isPortInterface: 0
MIG: 20:45:32 : isPortInterface: 0
MIG: 20:45:32 : isPortInterface: 0
MIG: 20:45:32 : isPortInterface: 0
MIG: 20:45:32 : isPortInterface: 0
MIG: 20:45:32 : isPortInterface: 0
MIG: 20:45:32 : isPortInterface: 0
MIG: 20:45:32 : isPortInterface: 0
MIG: 20:45:32 : isPortInterface: 0
MIG: 20:45:32 : isPortInterface: 0
MIG: 20:45:32 : isPortInterface: 0
MIG: 20:45:32 : isPortInterface: 0
MIG: 20:45:32 : isPortInterface: 0
MIG: 20:45:32 : isPortInterface: 0
MIG: 20:45:32 : isPortInterface: 0
MIG: 20:45:32 : isPortInterface: 0
MIG: 20:45:32 : isPortInterface: 0
MIG: 20:45:32 : isPortInterface: 0
MIG: 20:45:32 : isPortInterface: 0
MIG: 20:45:32 : isPortInterface: 0
MIG: 20:45:32 : isPortInterface: 0
MIG: 20:45:32 : isPortInterface: 0
MIG: 20:45:32 : isPortInterface: 0
MIG: 20:45:32 : isPortInterface: 0
MIG: 20:45:32 : isPortInterface: 0
MIG: 20:45:32 : isPortInterface: 0
MIG: 20:45:32 : isPortInterface: 0
MIG: 20:45:32 : isPortInterface: 0
MIG: 20:45:32 : isPortInterface: 0
MIG: 20:45:32 : isPortInterface: 0
MIG: 20:45:32 : isPortInterface: 0
MIG: 20:45:32 : isPortInterface: 0
MIG: 20:45:32 : isPortInterface: 0
MIG: 20:45:32 : isPortInterface: 0
MIG: 20:45:32 : isPortInterface: 0
MIG: 20:45:32 : isPortInterface: 0
MIG: 20:45:32 : isPortInterface: 0
MIG: 20:45:32 : isPortInterface: 0
MIG: 20:45:32 : isPortInterface: 0
MIG: 20:45:32 : isPortInterface: 0
MIG: 20:45:32 : isPortInterface: 0
MIG: 20:45:32 : isPortInterface: 0
MIG: 20:45:32 : isPortInterface: 0
MIG: 20:45:32 : isPortInterface: 0
MIG: 20:45:32 : isPortInterface: 0
MIG: 20:45:32 : isPortInterface: 1
MIG: 20:45:32 : isPortInterface: 0
MIG: 20:45:32 : isPortInterface: 0
MIG: 20:45:32 : isPortInterface: 0
MIG: 20:45:32 : isPortInterface: 0
MIG: 20:45:32 : isPortInterface: 0
MIG: 20:45:32 : isPortInterface: 0
MIG: 20:45:32 : isPortInterface: 0
MIG: 20:45:32 : isPortInterface: 0
MIG: 20:45:32 : isPortInterface: 0
MIG: 20:45:32 : isPortInterface: 0
MIG: 20:45:32 :  locked false  
MIG: 20:45:32 : HDL Language: Verilog
MIG: 20:45:32 : compInfo: false
MIG: 20:45:32 : Vivado Options xc7a100t csg324 -1
MIG: 20:45:32 : 1: xc7a100t 2: csg324 3: -1
MIG: 20:45:32 : relative mig path: coregen/ip/xilinx/other/com/xilinx/ip/mig_7series_v4_0/bin/lin64/mig
MIG: 20:45:32 : xilinx_path: /home/tiago/opt/Xilinx_Vivado/Vivado/2017.2/ids_lite/ISE
MIG: 20:45:32 : I am in catch area
MIG: 20:45:32 : Running /home/tiago/opt/Xilinx_Vivado/Vivado/2017.2/ids_lite/ISE/coregen/ip/xilinx/other/com/xilinx/ip/mig_7series_v4_0/bin/lin64/mig -cg_exc_inp /home/tiago/code/AES-FPGA/Project_VHDL/Project_VHDL.srcs/sources_1/bd/Microblaze/ip/Microblaze_mig_7series_0_0/xil_txt.in -cg_exc_out /home/tiago/code/AES-FPGA/Project_VHDL/Project_VHDL.srcs/sources_1/bd/Microblaze/ip/Microblaze_mig_7series_0_0/xil_txt.out ... 
MIG: 20:45:42 : XML_INPUT_FILE: /home/tiago/code/AES-FPGA/Project_VHDL/Project_VHDL.srcs/sources_1/bd/Microblaze/ip/Microblaze_mig_7series_0_0/board.prj
MIG: 20:45:42 : Component_Name: Microblaze_mig_7series_0_0
MIG: 20:45:42 : Moving Microblaze_mig_7series_0_0_xmdf.tcl ...
MIG: 20:45:42 : Moving Microblaze_mig_7series_0_0 ...
MIG: 20:45:42 : Moving Microblaze_mig_7series_0_0.veo ...
MIG: 20:45:42 : Running simulation.xit
MIG: 20:45:42 : IGN:     <ModuleName>design_1_mig_7series_0_2</ModuleName> <==>     <ModuleName>Microblaze_mig_7series_0_0</ModuleName> 
MIG: 20:45:42 : ERR:     <Version>2.2</Version> <==>     <Version>4.0</Version> 
MIG: 20:45:42 : ################# RUNNING MIG BATCH ###################
MIG: 20:45:42 : Writing IN file for 'Microblaze_mig_7series_0_0'...compDirPath: /home/tiago/opt/Xilinx_Vivado/Vivado/2017.2/data/ip/xilinx/mig_7series_v4_0... instDirPath: /home/tiago/code/AES-FPGA/Project_VHDL/Project_VHDL.srcs/sources_1/bd/Microblaze/ip/Microblaze_mig_7series_0_0
MIG: 20:45:42 : synp_flow:  -- synthesis_mode: Other
MIG: 20:45:42 : outputDirectory: /home/tiago/code/AES-FPGA/Project_VHDL/Project_VHDL.srcs/sources_1/bd/Microblaze/ip/Microblaze_mig_7series_0_0/_tmp/
MIG: 20:45:42 : vivado_mode: xpg_bd
MIG: 20:45:42 : isPortInterface: 0
MIG: 20:45:42 : isPortInterface: 0
MIG: 20:45:42 : isPortInterface: 0
MIG: 20:45:42 : isPortInterface: 0
MIG: 20:45:42 : isPortInterface: 0
MIG: 20:45:42 : isPortInterface: 0
MIG: 20:45:42 : isPortInterface: 0
MIG: 20:45:42 : isPortInterface: 0
MIG: 20:45:42 : isPortInterface: 0
MIG: 20:45:42 : isPortInterface: 0
MIG: 20:45:42 : isPortInterface: 0
MIG: 20:45:42 : isPortInterface: 0
MIG: 20:45:42 : isPortInterface: 0
MIG: 20:45:42 : isPortInterface: 0
MIG: 20:45:42 : isPortInterface: 0
MIG: 20:45:42 : isPortInterface: 0
MIG: 20:45:42 : isPortInterface: 0
MIG: 20:45:42 : isPortInterface: 0
MIG: 20:45:42 : isPortInterface: 0
MIG: 20:45:42 : isPortInterface: 0
MIG: 20:45:42 : isPortInterface: 0
MIG: 20:45:42 : isPortInterface: 0
MIG: 20:45:42 : isPortInterface: 0
MIG: 20:45:42 : isPortInterface: 0
MIG: 20:45:42 : isPortInterface: 0
MIG: 20:45:42 : isPortInterface: 0
MIG: 20:45:42 : isPortInterface: 0
MIG: 20:45:42 : isPortInterface: 0
MIG: 20:45:42 : isPortInterface: 0
MIG: 20:45:42 : isPortInterface: 0
MIG: 20:45:42 : isPortInterface: 0
MIG: 20:45:42 : isPortInterface: 0
MIG: 20:45:42 : isPortInterface: 0
MIG: 20:45:42 : isPortInterface: 0
MIG: 20:45:42 : isPortInterface: 0
MIG: 20:45:42 : isPortInterface: 0
MIG: 20:45:42 : isPortInterface: 0
MIG: 20:45:42 : isPortInterface: 0
MIG: 20:45:42 : isPortInterface: 0
MIG: 20:45:42 : isPortInterface: 0
MIG: 20:45:42 : isPortInterface: 0
MIG: 20:45:42 : isPortInterface: 0
MIG: 20:45:42 : isPortInterface: 0
MIG: 20:45:42 : isPortInterface: 0
MIG: 20:45:42 : isPortInterface: 0
MIG: 20:45:42 : isPortInterface: 0
MIG: 20:45:42 : isPortInterface: 0
MIG: 20:45:42 : isPortInterface: 0
MIG: 20:45:42 : isPortInterface: 0
MIG: 20:45:42 : isPortInterface: 0
MIG: 20:45:42 : isPortInterface: 0
MIG: 20:45:42 : isPortInterface: 0
MIG: 20:45:42 : isPortInterface: 0
MIG: 20:45:42 : isPortInterface: 0
MIG: 20:45:42 : isPortInterface: 0
MIG: 20:45:42 : isPortInterface: 0
MIG: 20:45:42 : isPortInterface: 0
MIG: 20:45:42 : isPortInterface: 0
MIG: 20:45:42 : isPortInterface: 0
MIG: 20:45:42 : isPortInterface: 0
MIG: 20:45:42 : isPortInterface: 0
MIG: 20:45:42 : isPortInterface: 0
MIG: 20:45:42 : isPortInterface: 0
MIG: 20:45:42 : isPortInterface: 0
MIG: 20:45:42 : isPortInterface: 0
MIG: 20:45:42 : isPortInterface: 0
MIG: 20:45:42 : isPortInterface: 0
MIG: 20:45:42 : isPortInterface: 0
MIG: 20:45:42 : isPortInterface: 0
MIG: 20:45:42 : isPortInterface: 0
MIG: 20:45:42 : isPortInterface: 0
MIG: 20:45:42 : isPortInterface: 0
MIG: 20:45:42 : isPortInterface: 0
MIG: 20:45:42 : isPortInterface: 0
MIG: 20:45:42 : isPortInterface: 0
MIG: 20:45:42 : isPortInterface: 0
MIG: 20:45:42 : isPortInterface: 0
MIG: 20:45:42 : isPortInterface: 0
MIG: 20:45:42 : isPortInterface: 0
MIG: 20:45:42 : isPortInterface: 0
MIG: 20:45:42 : isPortInterface: 0
MIG: 20:45:42 : isPortInterface: 0
MIG: 20:45:42 : isPortInterface: 0
MIG: 20:45:42 : isPortInterface: 0
MIG: 20:45:42 : isPortInterface: 0
MIG: 20:45:42 : isPortInterface: 0
MIG: 20:45:42 : isPortInterface: 0
MIG: 20:45:42 : isPortInterface: 0
MIG: 20:45:42 : isPortInterface: 0
MIG: 20:45:42 : isPortInterface: 0
MIG: 20:45:42 : isPortInterface: 0
MIG: 20:45:42 : isPortInterface: 0
MIG: 20:45:42 : isPortInterface: 0
MIG: 20:45:42 : isPortInterface: 0
MIG: 20:45:42 : isPortInterface: 0
MIG: 20:45:42 : isPortInterface: 0
MIG: 20:45:42 : isPortInterface: 0
MIG: 20:45:42 : isPortInterface: 0
MIG: 20:45:42 : isPortInterface: 0
MIG: 20:45:42 : isPortInterface: 0
MIG: 20:45:42 : isPortInterface: 0
MIG: 20:45:42 : isPortInterface: 0
MIG: 20:45:42 : isPortInterface: 0
MIG: 20:45:42 : isPortInterface: 0
MIG: 20:45:42 : isPortInterface: 0
MIG: 20:45:42 : isPortInterface: 0
MIG: 20:45:42 : isPortInterface: 0
MIG: 20:45:42 : isPortInterface: 0
MIG: 20:45:42 : isPortInterface: 0
MIG: 20:45:42 : isPortInterface: 0
MIG: 20:45:42 : isPortInterface: 0
MIG: 20:45:42 : isPortInterface: 0
MIG: 20:45:42 : isPortInterface: 0
MIG: 20:45:42 : isPortInterface: 0
MIG: 20:45:42 : isPortInterface: 0
MIG: 20:45:42 : isPortInterface: 0
MIG: 20:45:42 : isPortInterface: 0
MIG: 20:45:42 : isPortInterface: 1
MIG: 20:45:42 : isPortInterface: 0
MIG: 20:45:42 : isPortInterface: 0
MIG: 20:45:42 : isPortInterface: 0
MIG: 20:45:42 : isPortInterface: 0
MIG: 20:45:42 : isPortInterface: 0
MIG: 20:45:42 : isPortInterface: 0
MIG: 20:45:42 : isPortInterface: 0
MIG: 20:45:42 : isPortInterface: 0
MIG: 20:45:42 : isPortInterface: 0
MIG: 20:45:42 : isPortInterface: 0
MIG: 20:45:42 :  locked false  
MIG: 20:45:42 : HDL Language: Verilog
MIG: 20:45:42 : compInfo: false
MIG: 20:45:42 : Vivado Options xc7a100t csg324 -1
MIG: 20:45:42 : 1: xc7a100t 2: csg324 3: -1
MIG: 20:45:42 : relative mig path: coregen/ip/xilinx/other/com/xilinx/ip/mig_7series_v4_0/bin/lin64/mig
MIG: 20:45:42 : xilinx_path: /home/tiago/opt/Xilinx_Vivado/Vivado/2017.2/ids_lite/ISE
MIG: 20:45:42 : I am in catch area
MIG: 20:45:42 : Running /home/tiago/opt/Xilinx_Vivado/Vivado/2017.2/ids_lite/ISE/coregen/ip/xilinx/other/com/xilinx/ip/mig_7series_v4_0/bin/lin64/mig -cg_exc_inp /home/tiago/code/AES-FPGA/Project_VHDL/Project_VHDL.srcs/sources_1/bd/Microblaze/ip/Microblaze_mig_7series_0_0/xil_txt.in -cg_exc_out /home/tiago/code/AES-FPGA/Project_VHDL/Project_VHDL.srcs/sources_1/bd/Microblaze/ip/Microblaze_mig_7series_0_0/xil_txt.out ... 
MIG: 20:45:51 : XML_INPUT_FILE: /home/tiago/code/AES-FPGA/Project_VHDL/Project_VHDL.srcs/sources_1/bd/Microblaze/ip/Microblaze_mig_7series_0_0/board.prj
MIG: 20:45:51 : Component_Name: Microblaze_mig_7series_0_0
MIG: 20:45:51 : Moving Microblaze_mig_7series_0_0_xmdf.tcl ...
MIG: 20:45:51 : Moving Microblaze_mig_7series_0_0 ...
MIG: 20:45:51 : Moving Microblaze_mig_7series_0_0.veo ...
MIG: 20:45:51 : Running vlog_sim_rpr.xit .. PRASAD DBG1
MIG: 20:45:51 : IGN:     <ModuleName>design_1_mig_7series_0_2</ModuleName> <==>     <ModuleName>Microblaze_mig_7series_0_0</ModuleName> 
MIG: 20:45:51 : ERR:     <Version>2.2</Version> <==>     <Version>4.0</Version> 
MIG: 20:45:51 : ################# RUNNING MIG BATCH ###################
MIG: 20:45:51 : Writing IN file for 'Microblaze_mig_7series_0_0'...compDirPath: /home/tiago/opt/Xilinx_Vivado/Vivado/2017.2/data/ip/xilinx/mig_7series_v4_0... instDirPath: /home/tiago/code/AES-FPGA/Project_VHDL/Project_VHDL.srcs/sources_1/bd/Microblaze/ip/Microblaze_mig_7series_0_0
MIG: 20:45:51 : synp_flow:  -- synthesis_mode: Other
MIG: 20:45:51 : outputDirectory: /home/tiago/code/AES-FPGA/Project_VHDL/Project_VHDL.srcs/sources_1/bd/Microblaze/ip/Microblaze_mig_7series_0_0/_tmp/
MIG: 20:45:51 : vivado_mode: xpg_bd
MIG: 20:45:51 : isPortInterface: 0
MIG: 20:45:51 : isPortInterface: 0
MIG: 20:45:51 : isPortInterface: 0
MIG: 20:45:51 : isPortInterface: 0
MIG: 20:45:51 : isPortInterface: 0
MIG: 20:45:51 : isPortInterface: 0
MIG: 20:45:51 : isPortInterface: 0
MIG: 20:45:51 : isPortInterface: 0
MIG: 20:45:51 : isPortInterface: 0
MIG: 20:45:51 : isPortInterface: 0
MIG: 20:45:51 : isPortInterface: 0
MIG: 20:45:51 : isPortInterface: 0
MIG: 20:45:51 : isPortInterface: 0
MIG: 20:45:51 : isPortInterface: 0
MIG: 20:45:51 : isPortInterface: 0
MIG: 20:45:51 : isPortInterface: 0
MIG: 20:45:51 : isPortInterface: 0
MIG: 20:45:51 : isPortInterface: 0
MIG: 20:45:51 : isPortInterface: 0
MIG: 20:45:51 : isPortInterface: 0
MIG: 20:45:51 : isPortInterface: 0
MIG: 20:45:51 : isPortInterface: 0
MIG: 20:45:51 : isPortInterface: 0
MIG: 20:45:51 : isPortInterface: 0
MIG: 20:45:51 : isPortInterface: 0
MIG: 20:45:51 : isPortInterface: 0
MIG: 20:45:51 : isPortInterface: 0
MIG: 20:45:51 : isPortInterface: 0
MIG: 20:45:51 : isPortInterface: 0
MIG: 20:45:51 : isPortInterface: 0
MIG: 20:45:51 : isPortInterface: 0
MIG: 20:45:51 : isPortInterface: 0
MIG: 20:45:51 : isPortInterface: 0
MIG: 20:45:51 : isPortInterface: 0
MIG: 20:45:51 : isPortInterface: 0
MIG: 20:45:51 : isPortInterface: 0
MIG: 20:45:51 : isPortInterface: 0
MIG: 20:45:51 : isPortInterface: 0
MIG: 20:45:51 : isPortInterface: 0
MIG: 20:45:51 : isPortInterface: 0
MIG: 20:45:51 : isPortInterface: 0
MIG: 20:45:51 : isPortInterface: 0
MIG: 20:45:51 : isPortInterface: 0
MIG: 20:45:51 : isPortInterface: 0
MIG: 20:45:51 : isPortInterface: 0
MIG: 20:45:51 : isPortInterface: 0
MIG: 20:45:51 : isPortInterface: 0
MIG: 20:45:51 : isPortInterface: 0
MIG: 20:45:51 : isPortInterface: 0
MIG: 20:45:51 : isPortInterface: 0
MIG: 20:45:51 : isPortInterface: 0
MIG: 20:45:51 : isPortInterface: 0
MIG: 20:45:51 : isPortInterface: 0
MIG: 20:45:51 : isPortInterface: 0
MIG: 20:45:51 : isPortInterface: 0
MIG: 20:45:51 : isPortInterface: 0
MIG: 20:45:51 : isPortInterface: 0
MIG: 20:45:51 : isPortInterface: 0
MIG: 20:45:51 : isPortInterface: 0
MIG: 20:45:51 : isPortInterface: 0
MIG: 20:45:51 : isPortInterface: 0
MIG: 20:45:51 : isPortInterface: 0
MIG: 20:45:51 : isPortInterface: 0
MIG: 20:45:51 : isPortInterface: 0
MIG: 20:45:51 : isPortInterface: 0
MIG: 20:45:51 : isPortInterface: 0
MIG: 20:45:51 : isPortInterface: 0
MIG: 20:45:51 : isPortInterface: 0
MIG: 20:45:51 : isPortInterface: 0
MIG: 20:45:51 : isPortInterface: 0
MIG: 20:45:51 : isPortInterface: 0
MIG: 20:45:51 : isPortInterface: 0
MIG: 20:45:51 : isPortInterface: 0
MIG: 20:45:51 : isPortInterface: 0
MIG: 20:45:51 : isPortInterface: 0
MIG: 20:45:51 : isPortInterface: 0
MIG: 20:45:51 : isPortInterface: 0
MIG: 20:45:51 : isPortInterface: 0
MIG: 20:45:51 : isPortInterface: 0
MIG: 20:45:51 : isPortInterface: 0
MIG: 20:45:51 : isPortInterface: 0
MIG: 20:45:51 : isPortInterface: 0
MIG: 20:45:51 : isPortInterface: 0
MIG: 20:45:51 : isPortInterface: 0
MIG: 20:45:51 : isPortInterface: 0
MIG: 20:45:51 : isPortInterface: 0
MIG: 20:45:51 : isPortInterface: 0
MIG: 20:45:51 : isPortInterface: 0
MIG: 20:45:51 : isPortInterface: 0
MIG: 20:45:51 : isPortInterface: 0
MIG: 20:45:51 : isPortInterface: 0
MIG: 20:45:51 : isPortInterface: 0
MIG: 20:45:51 : isPortInterface: 0
MIG: 20:45:51 : isPortInterface: 0
MIG: 20:45:51 : isPortInterface: 0
MIG: 20:45:51 : isPortInterface: 0
MIG: 20:45:51 : isPortInterface: 0
MIG: 20:45:51 : isPortInterface: 0
MIG: 20:45:51 : isPortInterface: 0
MIG: 20:45:51 : isPortInterface: 0
MIG: 20:45:51 : isPortInterface: 0
MIG: 20:45:51 : isPortInterface: 0
MIG: 20:45:51 : isPortInterface: 0
MIG: 20:45:51 : isPortInterface: 0
MIG: 20:45:51 : isPortInterface: 0
MIG: 20:45:51 : isPortInterface: 0
MIG: 20:45:51 : isPortInterface: 0
MIG: 20:45:51 : isPortInterface: 0
MIG: 20:45:51 : isPortInterface: 0
MIG: 20:45:51 : isPortInterface: 0
MIG: 20:45:51 : isPortInterface: 0
MIG: 20:45:51 : isPortInterface: 0
MIG: 20:45:51 : isPortInterface: 0
MIG: 20:45:51 : isPortInterface: 0
MIG: 20:45:51 : isPortInterface: 0
MIG: 20:45:51 : isPortInterface: 0
MIG: 20:45:51 : isPortInterface: 0
MIG: 20:45:51 : isPortInterface: 1
MIG: 20:45:51 : isPortInterface: 0
MIG: 20:45:51 : isPortInterface: 0
MIG: 20:45:51 : isPortInterface: 0
MIG: 20:45:51 : isPortInterface: 0
MIG: 20:45:51 : isPortInterface: 0
MIG: 20:45:51 : isPortInterface: 0
MIG: 20:45:51 : isPortInterface: 0
MIG: 20:45:51 : isPortInterface: 0
MIG: 20:45:51 : isPortInterface: 0
MIG: 20:45:51 : isPortInterface: 0
MIG: 20:45:51 :  locked false  
MIG: 20:45:51 : HDL Language: Verilog
MIG: 20:45:51 : compInfo: false
MIG: 20:45:51 : Vivado Options xc7a100t csg324 -1
MIG: 20:45:51 : 1: xc7a100t 2: csg324 3: -1
MIG: 20:45:51 : relative mig path: coregen/ip/xilinx/other/com/xilinx/ip/mig_7series_v4_0/bin/lin64/mig
MIG: 20:45:51 : xilinx_path: /home/tiago/opt/Xilinx_Vivado/Vivado/2017.2/ids_lite/ISE
MIG: 20:45:51 : I am in catch area
MIG: 20:45:51 : Running /home/tiago/opt/Xilinx_Vivado/Vivado/2017.2/ids_lite/ISE/coregen/ip/xilinx/other/com/xilinx/ip/mig_7series_v4_0/bin/lin64/mig -cg_exc_inp /home/tiago/code/AES-FPGA/Project_VHDL/Project_VHDL.srcs/sources_1/bd/Microblaze/ip/Microblaze_mig_7series_0_0/xil_txt.in -cg_exc_out /home/tiago/code/AES-FPGA/Project_VHDL/Project_VHDL.srcs/sources_1/bd/Microblaze/ip/Microblaze_mig_7series_0_0/xil_txt.out ... 
MIG: 20:46:00 : XML_INPUT_FILE: /home/tiago/code/AES-FPGA/Project_VHDL/Project_VHDL.srcs/sources_1/bd/Microblaze/ip/Microblaze_mig_7series_0_0/board.prj
MIG: 20:46:00 : Component_Name: Microblaze_mig_7series_0_0
MIG: 20:46:00 : Moving Microblaze_mig_7series_0_0_xmdf.tcl ...
MIG: 20:46:00 : Moving Microblaze_mig_7series_0_0 ...
MIG: 20:46:00 : Moving Microblaze_mig_7series_0_0.veo ...
MIG: 20:46:00 : Running implementation.xit
MIG: 20:46:00 : IGN:     <ModuleName>design_1_mig_7series_0_2</ModuleName> <==>     <ModuleName>Microblaze_mig_7series_0_0</ModuleName> 
MIG: 20:46:00 : ERR:     <Version>2.2</Version> <==>     <Version>4.0</Version> 
MIG: 20:46:00 : ################# RUNNING MIG BATCH ###################
MIG: 20:46:00 : Writing IN file for 'Microblaze_mig_7series_0_0'...compDirPath: /home/tiago/opt/Xilinx_Vivado/Vivado/2017.2/data/ip/xilinx/mig_7series_v4_0... instDirPath: /home/tiago/code/AES-FPGA/Project_VHDL/Project_VHDL.srcs/sources_1/bd/Microblaze/ip/Microblaze_mig_7series_0_0
MIG: 20:46:00 : synp_flow:  -- synthesis_mode: Other
MIG: 20:46:00 : outputDirectory: /home/tiago/code/AES-FPGA/Project_VHDL/Project_VHDL.srcs/sources_1/bd/Microblaze/ip/Microblaze_mig_7series_0_0/_tmp/
MIG: 20:46:00 : vivado_mode: xpg_bd
MIG: 20:46:00 : isPortInterface: 0
MIG: 20:46:00 : isPortInterface: 0
MIG: 20:46:00 : isPortInterface: 0
MIG: 20:46:00 : isPortInterface: 0
MIG: 20:46:00 : isPortInterface: 0
MIG: 20:46:00 : isPortInterface: 0
MIG: 20:46:00 : isPortInterface: 0
MIG: 20:46:00 : isPortInterface: 0
MIG: 20:46:00 : isPortInterface: 0
MIG: 20:46:00 : isPortInterface: 0
MIG: 20:46:00 : isPortInterface: 0
MIG: 20:46:00 : isPortInterface: 0
MIG: 20:46:00 : isPortInterface: 0
MIG: 20:46:00 : isPortInterface: 0
MIG: 20:46:00 : isPortInterface: 0
MIG: 20:46:00 : isPortInterface: 0
MIG: 20:46:00 : isPortInterface: 0
MIG: 20:46:00 : isPortInterface: 0
MIG: 20:46:00 : isPortInterface: 0
MIG: 20:46:00 : isPortInterface: 0
MIG: 20:46:00 : isPortInterface: 0
MIG: 20:46:00 : isPortInterface: 0
MIG: 20:46:00 : isPortInterface: 0
MIG: 20:46:00 : isPortInterface: 0
MIG: 20:46:00 : isPortInterface: 0
MIG: 20:46:00 : isPortInterface: 0
MIG: 20:46:00 : isPortInterface: 0
MIG: 20:46:00 : isPortInterface: 0
MIG: 20:46:00 : isPortInterface: 0
MIG: 20:46:00 : isPortInterface: 0
MIG: 20:46:00 : isPortInterface: 0
MIG: 20:46:00 : isPortInterface: 0
MIG: 20:46:00 : isPortInterface: 0
MIG: 20:46:00 : isPortInterface: 0
MIG: 20:46:00 : isPortInterface: 0
MIG: 20:46:00 : isPortInterface: 0
MIG: 20:46:00 : isPortInterface: 0
MIG: 20:46:00 : isPortInterface: 0
MIG: 20:46:00 : isPortInterface: 0
MIG: 20:46:00 : isPortInterface: 0
MIG: 20:46:00 : isPortInterface: 0
MIG: 20:46:00 : isPortInterface: 0
MIG: 20:46:00 : isPortInterface: 0
MIG: 20:46:00 : isPortInterface: 0
MIG: 20:46:00 : isPortInterface: 0
MIG: 20:46:00 : isPortInterface: 0
MIG: 20:46:00 : isPortInterface: 0
MIG: 20:46:00 : isPortInterface: 0
MIG: 20:46:00 : isPortInterface: 0
MIG: 20:46:00 : isPortInterface: 0
MIG: 20:46:00 : isPortInterface: 0
MIG: 20:46:00 : isPortInterface: 0
MIG: 20:46:00 : isPortInterface: 0
MIG: 20:46:00 : isPortInterface: 0
MIG: 20:46:00 : isPortInterface: 0
MIG: 20:46:00 : isPortInterface: 0
MIG: 20:46:00 : isPortInterface: 0
MIG: 20:46:00 : isPortInterface: 0
MIG: 20:46:00 : isPortInterface: 0
MIG: 20:46:00 : isPortInterface: 0
MIG: 20:46:00 : isPortInterface: 0
MIG: 20:46:00 : isPortInterface: 0
MIG: 20:46:00 : isPortInterface: 0
MIG: 20:46:00 : isPortInterface: 0
MIG: 20:46:00 : isPortInterface: 0
MIG: 20:46:00 : isPortInterface: 0
MIG: 20:46:00 : isPortInterface: 0
MIG: 20:46:00 : isPortInterface: 0
MIG: 20:46:00 : isPortInterface: 0
MIG: 20:46:00 : isPortInterface: 0
MIG: 20:46:00 : isPortInterface: 0
MIG: 20:46:00 : isPortInterface: 0
MIG: 20:46:00 : isPortInterface: 0
MIG: 20:46:00 : isPortInterface: 0
MIG: 20:46:00 : isPortInterface: 0
MIG: 20:46:00 : isPortInterface: 0
MIG: 20:46:00 : isPortInterface: 0
MIG: 20:46:00 : isPortInterface: 0
MIG: 20:46:00 : isPortInterface: 0
MIG: 20:46:00 : isPortInterface: 0
MIG: 20:46:00 : isPortInterface: 0
MIG: 20:46:00 : isPortInterface: 0
MIG: 20:46:00 : isPortInterface: 0
MIG: 20:46:00 : isPortInterface: 0
MIG: 20:46:00 : isPortInterface: 0
MIG: 20:46:00 : isPortInterface: 0
MIG: 20:46:00 : isPortInterface: 0
MIG: 20:46:00 : isPortInterface: 0
MIG: 20:46:00 : isPortInterface: 0
MIG: 20:46:00 : isPortInterface: 0
MIG: 20:46:00 : isPortInterface: 0
MIG: 20:46:00 : isPortInterface: 0
MIG: 20:46:00 : isPortInterface: 0
MIG: 20:46:00 : isPortInterface: 0
MIG: 20:46:00 : isPortInterface: 0
MIG: 20:46:00 : isPortInterface: 0
MIG: 20:46:00 : isPortInterface: 0
MIG: 20:46:00 : isPortInterface: 0
MIG: 20:46:00 : isPortInterface: 0
MIG: 20:46:00 : isPortInterface: 0
MIG: 20:46:00 : isPortInterface: 0
MIG: 20:46:00 : isPortInterface: 0
MIG: 20:46:00 : isPortInterface: 0
MIG: 20:46:00 : isPortInterface: 0
MIG: 20:46:00 : isPortInterface: 0
MIG: 20:46:00 : isPortInterface: 0
MIG: 20:46:00 : isPortInterface: 0
MIG: 20:46:00 : isPortInterface: 0
MIG: 20:46:00 : isPortInterface: 0
MIG: 20:46:00 : isPortInterface: 0
MIG: 20:46:00 : isPortInterface: 0
MIG: 20:46:00 : isPortInterface: 0
MIG: 20:46:00 : isPortInterface: 0
MIG: 20:46:00 : isPortInterface: 0
MIG: 20:46:00 : isPortInterface: 0
MIG: 20:46:00 : isPortInterface: 0
MIG: 20:46:00 : isPortInterface: 0
MIG: 20:46:00 : isPortInterface: 1
MIG: 20:46:00 : isPortInterface: 0
MIG: 20:46:00 : isPortInterface: 0
MIG: 20:46:00 : isPortInterface: 0
MIG: 20:46:00 : isPortInterface: 0
MIG: 20:46:00 : isPortInterface: 0
MIG: 20:46:00 : isPortInterface: 0
MIG: 20:46:00 : isPortInterface: 0
MIG: 20:46:00 : isPortInterface: 0
MIG: 20:46:00 : isPortInterface: 0
MIG: 20:46:00 : isPortInterface: 0
MIG: 20:46:00 :  locked false  
MIG: 20:46:00 : HDL Language: Verilog
MIG: 20:46:00 : compInfo: false
MIG: 20:46:00 : Vivado Options xc7a100t csg324 -1
MIG: 20:46:00 : 1: xc7a100t 2: csg324 3: -1
MIG: 20:46:00 : relative mig path: coregen/ip/xilinx/other/com/xilinx/ip/mig_7series_v4_0/bin/lin64/mig
MIG: 20:46:00 : xilinx_path: /home/tiago/opt/Xilinx_Vivado/Vivado/2017.2/ids_lite/ISE
MIG: 20:46:00 : I am in catch area
MIG: 20:46:00 : Running /home/tiago/opt/Xilinx_Vivado/Vivado/2017.2/ids_lite/ISE/coregen/ip/xilinx/other/com/xilinx/ip/mig_7series_v4_0/bin/lin64/mig -cg_exc_inp /home/tiago/code/AES-FPGA/Project_VHDL/Project_VHDL.srcs/sources_1/bd/Microblaze/ip/Microblaze_mig_7series_0_0/xil_txt.in -cg_exc_out /home/tiago/code/AES-FPGA/Project_VHDL/Project_VHDL.srcs/sources_1/bd/Microblaze/ip/Microblaze_mig_7series_0_0/xil_txt.out ... 
MIG: 20:46:10 : XML_INPUT_FILE: /home/tiago/code/AES-FPGA/Project_VHDL/Project_VHDL.srcs/sources_1/bd/Microblaze/ip/Microblaze_mig_7series_0_0/board.prj
MIG: 20:46:10 : Component_Name: Microblaze_mig_7series_0_0
MIG: 20:46:10 : Moving Microblaze_mig_7series_0_0_xmdf.tcl ...
MIG: 20:46:10 : Moving Microblaze_mig_7series_0_0 ...
MIG: 20:46:10 : Moving Microblaze_mig_7series_0_0.veo ...
